{"C:\\Users\\sblom\\PKD\\musikhanterare3001\\src\\menu.ts": {"path":"C:\\Users\\sblom\\PKD\\musikhanterare3001\\src\\menu.ts","statementMap":{"0":{"start":{"line":1,"column":0},"end":{"line":1,"column":96}},"1":{"start":{"line":2,"column":0},"end":{"line":2,"column":137}},"2":{"start":{"line":3,"column":0},"end":{"line":3,"column":155}},"3":{"start":{"line":4,"column":0},"end":{"line":4,"column":91}},"4":{"start":{"line":5,"column":0},"end":{"line":5,"column":45}},"5":{"start":{"line":13,"column":4},"end":{"line":13,"column":39}},"6":{"start":{"line":14,"column":4},"end":{"line":14,"column":37}},"7":{"start":{"line":15,"column":4},"end":{"line":15,"column":null}},"8":{"start":{"line":16,"column":4},"end":{"line":16,"column":18}},"9":{"start":{"line":17,"column":4},"end":{"line":32,"column":7}},"10":{"start":{"line":18,"column":8},"end":{"line":31,"column":9}},"11":{"start":{"line":19,"column":12},"end":{"line":19,"column":26}},"12":{"start":{"line":20,"column":12},"end":{"line":20,"column":42}},"13":{"start":{"line":21,"column":15},"end":{"line":31,"column":9}},"14":{"start":{"line":22,"column":12},"end":{"line":22,"column":26}},"15":{"start":{"line":23,"column":12},"end":{"line":23,"column":40}},"16":{"start":{"line":24,"column":15},"end":{"line":31,"column":9}},"17":{"start":{"line":25,"column":12},"end":{"line":25,"column":26}},"18":{"start":{"line":26,"column":12},"end":{"line":26,"column":29}},"19":{"start":{"line":28,"column":12},"end":{"line":28,"column":64}},"20":{"start":{"line":29,"column":12},"end":{"line":29,"column":26}},"21":{"start":{"line":30,"column":12},"end":{"line":30,"column":23}},"22":{"start":{"line":12,"column":0},"end":{"line":12,"column":16}},"23":{"start":{"line":42,"column":26},"end":{"line":42,"column":48}},"24":{"start":{"line":44,"column":4},"end":{"line":48,"column":5}},"25":{"start":{"line":45,"column":8},"end":{"line":45,"column":47}},"26":{"start":{"line":46,"column":8},"end":{"line":46,"column":22}},"27":{"start":{"line":47,"column":8},"end":{"line":47,"column":15}},"28":{"start":{"line":50,"column":4},"end":{"line":50,"column":30}},"29":{"start":{"line":52,"column":4},"end":{"line":67,"column":7}},"30":{"start":{"line":53,"column":22},"end":{"line":53,"column":38}},"31":{"start":{"line":55,"column":8},"end":{"line":66,"column":9}},"32":{"start":{"line":56,"column":40},"end":{"line":56,"column":64}},"33":{"start":{"line":57,"column":37},"end":{"line":57,"column":67}},"34":{"start":{"line":58,"column":12},"end":{"line":58,"column":26}},"35":{"start":{"line":59,"column":12},"end":{"line":59,"column":73}},"36":{"start":{"line":60,"column":12},"end":{"line":60,"column":47}},"37":{"start":{"line":61,"column":12},"end":{"line":61,"column":43}},"38":{"start":{"line":63,"column":12},"end":{"line":63,"column":69}},"39":{"start":{"line":64,"column":12},"end":{"line":64,"column":26}},"40":{"start":{"line":65,"column":12},"end":{"line":65,"column":42}},"41":{"start":{"line":41,"column":0},"end":{"line":41,"column":16}},"42":{"start":{"line":77,"column":4},"end":{"line":77,"column":63}},"43":{"start":{"line":78,"column":4},"end":{"line":78,"column":37}},"44":{"start":{"line":79,"column":4},"end":{"line":79,"column":42}},"45":{"start":{"line":80,"column":4},"end":{"line":80,"column":38}},"46":{"start":{"line":81,"column":4},"end":{"line":81,"column":42}},"47":{"start":{"line":82,"column":4},"end":{"line":82,"column":44}},"48":{"start":{"line":83,"column":4},"end":{"line":83,"column":49}},"49":{"start":{"line":84,"column":4},"end":{"line":84,"column":34}},"50":{"start":{"line":85,"column":4},"end":{"line":85,"column":41}},"51":{"start":{"line":86,"column":4},"end":{"line":86,"column":31}},"52":{"start":{"line":87,"column":4},"end":{"line":87,"column":40}},"53":{"start":{"line":88,"column":4},"end":{"line":88,"column":18}},"54":{"start":{"line":89,"column":4},"end":{"line":116,"column":7}},"55":{"start":{"line":90,"column":8},"end":{"line":90,"column":22}},"56":{"start":{"line":91,"column":8},"end":{"line":115,"column":9}},"57":{"start":{"line":92,"column":12},"end":{"line":92,"column":51}},"58":{"start":{"line":93,"column":15},"end":{"line":115,"column":9}},"59":{"start":{"line":94,"column":12},"end":{"line":94,"column":47}},"60":{"start":{"line":95,"column":15},"end":{"line":115,"column":9}},"61":{"start":{"line":96,"column":12},"end":{"line":96,"column":62}},"62":{"start":{"line":97,"column":15},"end":{"line":115,"column":9}},"63":{"start":{"line":98,"column":12},"end":{"line":98,"column":55}},"64":{"start":{"line":99,"column":15},"end":{"line":115,"column":9}},"65":{"start":{"line":100,"column":12},"end":{"line":100,"column":66}},"66":{"start":{"line":101,"column":15},"end":{"line":115,"column":9}},"67":{"start":{"line":102,"column":12},"end":{"line":102,"column":41}},"68":{"start":{"line":103,"column":15},"end":{"line":115,"column":9}},"69":{"start":{"line":104,"column":12},"end":{"line":104,"column":59}},"70":{"start":{"line":105,"column":15},"end":{"line":115,"column":9}},"71":{"start":{"line":106,"column":12},"end":{"line":106,"column":59}},"72":{"start":{"line":107,"column":15},"end":{"line":115,"column":9}},"73":{"start":{"line":108,"column":12},"end":{"line":108,"column":50}},"74":{"start":{"line":109,"column":15},"end":{"line":115,"column":9}},"75":{"start":{"line":110,"column":12},"end":{"line":110,"column":23}},"76":{"start":{"line":112,"column":12},"end":{"line":112,"column":77}},"77":{"start":{"line":113,"column":12},"end":{"line":113,"column":26}},"78":{"start":{"line":114,"column":12},"end":{"line":114,"column":43}},"79":{"start":{"line":76,"column":0},"end":{"line":76,"column":16}},"80":{"start":{"line":126,"column":4},"end":{"line":135,"column":7}},"81":{"start":{"line":127,"column":8},"end":{"line":134,"column":9}},"82":{"start":{"line":128,"column":12},"end":{"line":128,"column":57}},"83":{"start":{"line":129,"column":12},"end":{"line":129,"column":26}},"84":{"start":{"line":130,"column":12},"end":{"line":130,"column":40}},"85":{"start":{"line":132,"column":12},"end":{"line":132,"column":55}},"86":{"start":{"line":133,"column":12},"end":{"line":133,"column":50}},"87":{"start":{"line":125,"column":0},"end":{"line":125,"column":16}}},"fnMap":{"0":{"name":"mainMenu","decl":{"start":{"line":12,"column":16},"end":{"line":12,"column":24}},"loc":{"start":{"line":12,"column":24},"end":{"line":33,"column":1}}},"1":{"name":"(anonymous_1)","decl":{"start":{"line":17,"column":39},"end":{"line":17,"column":40}},"loc":{"start":{"line":17,"column":64},"end":{"line":32,"column":5}}},"2":{"name":"choosePlaylistMenu","decl":{"start":{"line":41,"column":16},"end":{"line":41,"column":34}},"loc":{"start":{"line":41,"column":58},"end":{"line":68,"column":1}}},"3":{"name":"(anonymous_3)","decl":{"start":{"line":52,"column":72},"end":{"line":52,"column":73}},"loc":{"start":{"line":52,"column":97},"end":{"line":67,"column":5}}},"4":{"name":"playlistMenu","decl":{"start":{"line":76,"column":16},"end":{"line":76,"column":28}},"loc":{"start":{"line":76,"column":55},"end":{"line":117,"column":1}}},"5":{"name":"(anonymous_5)","decl":{"start":{"line":89,"column":39},"end":{"line":89,"column":40}},"loc":{"start":{"line":89,"column":64},"end":{"line":116,"column":5}}},"6":{"name":"makePlaylistMenu","decl":{"start":{"line":125,"column":16},"end":{"line":125,"column":32}},"loc":{"start":{"line":125,"column":56},"end":{"line":136,"column":1}}},"7":{"name":"(anonymous_7)","decl":{"start":{"line":126,"column":50},"end":{"line":126,"column":51}},"loc":{"start":{"line":126,"column":81},"end":{"line":135,"column":5}}}},"branchMap":{"0":{"loc":{"start":{"line":18,"column":8},"end":{"line":31,"column":9}},"type":"if","locations":[{"start":{"line":18,"column":8},"end":{"line":31,"column":9}},{"start":{"line":21,"column":15},"end":{"line":31,"column":9}}]},"1":{"loc":{"start":{"line":21,"column":15},"end":{"line":31,"column":9}},"type":"if","locations":[{"start":{"line":21,"column":15},"end":{"line":31,"column":9}},{"start":{"line":24,"column":15},"end":{"line":31,"column":9}}]},"2":{"loc":{"start":{"line":24,"column":15},"end":{"line":31,"column":9}},"type":"if","locations":[{"start":{"line":24,"column":15},"end":{"line":31,"column":9}},{"start":{"line":27,"column":15},"end":{"line":31,"column":9}}]},"3":{"loc":{"start":{"line":44,"column":4},"end":{"line":48,"column":5}},"type":"if","locations":[{"start":{"line":44,"column":4},"end":{"line":48,"column":5}}]},"4":{"loc":{"start":{"line":55,"column":8},"end":{"line":66,"column":9}},"type":"if","locations":[{"start":{"line":55,"column":8},"end":{"line":66,"column":9}},{"start":{"line":62,"column":15},"end":{"line":66,"column":9}}]},"5":{"loc":{"start":{"line":91,"column":8},"end":{"line":115,"column":9}},"type":"if","locations":[{"start":{"line":91,"column":8},"end":{"line":115,"column":9}},{"start":{"line":93,"column":15},"end":{"line":115,"column":9}}]},"6":{"loc":{"start":{"line":93,"column":15},"end":{"line":115,"column":9}},"type":"if","locations":[{"start":{"line":93,"column":15},"end":{"line":115,"column":9}},{"start":{"line":95,"column":15},"end":{"line":115,"column":9}}]},"7":{"loc":{"start":{"line":95,"column":15},"end":{"line":115,"column":9}},"type":"if","locations":[{"start":{"line":95,"column":15},"end":{"line":115,"column":9}},{"start":{"line":97,"column":15},"end":{"line":115,"column":9}}]},"8":{"loc":{"start":{"line":97,"column":15},"end":{"line":115,"column":9}},"type":"if","locations":[{"start":{"line":97,"column":15},"end":{"line":115,"column":9}},{"start":{"line":99,"column":15},"end":{"line":115,"column":9}}]},"9":{"loc":{"start":{"line":99,"column":15},"end":{"line":115,"column":9}},"type":"if","locations":[{"start":{"line":99,"column":15},"end":{"line":115,"column":9}},{"start":{"line":101,"column":15},"end":{"line":115,"column":9}}]},"10":{"loc":{"start":{"line":101,"column":15},"end":{"line":115,"column":9}},"type":"if","locations":[{"start":{"line":101,"column":15},"end":{"line":115,"column":9}},{"start":{"line":103,"column":15},"end":{"line":115,"column":9}}]},"11":{"loc":{"start":{"line":103,"column":15},"end":{"line":115,"column":9}},"type":"if","locations":[{"start":{"line":103,"column":15},"end":{"line":115,"column":9}},{"start":{"line":105,"column":15},"end":{"line":115,"column":9}}]},"12":{"loc":{"start":{"line":105,"column":15},"end":{"line":115,"column":9}},"type":"if","locations":[{"start":{"line":105,"column":15},"end":{"line":115,"column":9}},{"start":{"line":107,"column":15},"end":{"line":115,"column":9}}]},"13":{"loc":{"start":{"line":107,"column":15},"end":{"line":115,"column":9}},"type":"if","locations":[{"start":{"line":107,"column":15},"end":{"line":115,"column":9}},{"start":{"line":109,"column":15},"end":{"line":115,"column":9}}]},"14":{"loc":{"start":{"line":109,"column":15},"end":{"line":115,"column":9}},"type":"if","locations":[{"start":{"line":109,"column":15},"end":{"line":115,"column":9}},{"start":{"line":111,"column":15},"end":{"line":115,"column":9}}]},"15":{"loc":{"start":{"line":127,"column":8},"end":{"line":134,"column":9}},"type":"if","locations":[{"start":{"line":127,"column":8},"end":{"line":134,"column":9}},{"start":{"line":131,"column":15},"end":{"line":134,"column":9}}]}},"s":{"0":1,"1":1,"2":1,"3":1,"4":1,"5":0,"6":0,"7":0,"8":0,"9":0,"10":0,"11":0,"12":0,"13":0,"14":0,"15":0,"16":0,"17":0,"18":0,"19":0,"20":0,"21":0,"22":1,"23":0,"24":0,"25":0,"26":0,"27":0,"28":0,"29":0,"30":0,"31":0,"32":0,"33":0,"34":0,"35":0,"36":0,"37":0,"38":0,"39":0,"40":0,"41":1,"42":0,"43":0,"44":0,"45":0,"46":0,"47":0,"48":0,"49":0,"50":0,"51":0,"52":0,"53":0,"54":0,"55":0,"56":0,"57":0,"58":0,"59":0,"60":0,"61":0,"62":0,"63":0,"64":0,"65":0,"66":0,"67":0,"68":0,"69":0,"70":0,"71":0,"72":0,"73":0,"74":0,"75":0,"76":0,"77":0,"78":0,"79":1,"80":0,"81":0,"82":0,"83":0,"84":0,"85":0,"86":0,"87":1},"f":{"0":0,"1":0,"2":0,"3":0,"4":0,"5":0,"6":0,"7":0},"b":{"0":[0,0],"1":[0,0],"2":[0,0],"3":[0],"4":[0,0],"5":[0,0],"6":[0,0],"7":[0,0],"8":[0,0],"9":[0,0],"10":[0,0],"11":[0,0],"12":[0,0],"13":[0,0],"14":[0,0],"15":[0,0]}}
,"C:\\Users\\sblom\\PKD\\musikhanterare3001\\src\\spotify-api.ts": {"path":"C:\\Users\\sblom\\PKD\\musikhanterare3001\\src\\spotify-api.ts","statementMap":{"0":{"start":{"line":1,"column":0},"end":{"line":1,"column":26}},"1":{"start":{"line":2,"column":0},"end":{"line":2,"column":98}},"2":{"start":{"line":3,"column":0},"end":{"line":3,"column":34}},"3":{"start":{"line":6,"column":17},"end":{"line":6,"column":51}},"4":{"start":{"line":7,"column":21},"end":{"line":7,"column":55}},"5":{"start":{"line":13,"column":17},"end":{"line":32,"column":2}},"6":{"start":{"line":13,"column":28},"end":{"line":32,"column":2}},"7":{"start":{"line":14,"column":23},"end":{"line":14,"column":84}},"8":{"start":{"line":15,"column":24},"end":{"line":20,"column":6}},"9":{"start":{"line":22,"column":21},"end":{"line":22,"column":52}},"10":{"start":{"line":24,"column":4},"end":{"line":31,"column":5}},"11":{"start":{"line":25,"column":25},"end":{"line":25,"column":106}},"12":{"start":{"line":26,"column":8},"end":{"line":26,"column":42}},"13":{"start":{"line":28,"column":8},"end":{"line":28,"column":59}},"14":{"start":{"line":29,"column":8},"end":{"line":29,"column":22}},"15":{"start":{"line":30,"column":8},"end":{"line":30,"column":20}},"16":{"start":{"line":40,"column":24},"end":{"line":60,"column":2}},"17":{"start":{"line":40,"column":75},"end":{"line":60,"column":2}},"18":{"start":{"line":41,"column":4},"end":{"line":59,"column":9}},"19":{"start":{"line":42,"column":27},"end":{"line":42,"column":70}},"20":{"start":{"line":44,"column":33},"end":{"line":48,"column":10}},"21":{"start":{"line":50,"column":29},"end":{"line":53,"column":10}},"22":{"start":{"line":55,"column":8},"end":{"line":55,"column":28}},"23":{"start":{"line":57,"column":12},"end":{"line":57,"column":66}},"24":{"start":{"line":58,"column":12},"end":{"line":58,"column":24}},"25":{"start":{"line":68,"column":26},"end":{"line":92,"column":2}},"26":{"start":{"line":68,"column":77},"end":{"line":92,"column":2}},"27":{"start":{"line":69,"column":4},"end":{"line":91,"column":9}},"28":{"start":{"line":70,"column":27},"end":{"line":70,"column":70}},"29":{"start":{"line":72,"column":33},"end":{"line":76,"column":10}},"30":{"start":{"line":78,"column":23},"end":{"line":78,"column":50}},"31":{"start":{"line":80,"column":8},"end":{"line":85,"column":9}},"32":{"start":{"line":81,"column":12},"end":{"line":81,"column":83}},"33":{"start":{"line":82,"column":12},"end":{"line":82,"column":60}},"34":{"start":{"line":83,"column":12},"end":{"line":83,"column":26}},"35":{"start":{"line":84,"column":12},"end":{"line":84,"column":22}},"36":{"start":{"line":87,"column":8},"end":{"line":87,"column":22}},"37":{"start":{"line":89,"column":12},"end":{"line":89,"column":68}},"38":{"start":{"line":90,"column":12},"end":{"line":90,"column":24}},"39":{"start":{"line":99,"column":31},"end":{"line":101,"column":1}},"40":{"start":{"line":100,"column":4},"end":{"line":100,"column":74}},"41":{"start":{"line":100,"column":61},"end":{"line":100,"column":72}},"42":{"start":{"line":111,"column":26},"end":{"line":118,"column":1}},"43":{"start":{"line":112,"column":4},"end":{"line":117,"column":6}},"44":{"start":{"line":111,"column":13},"end":{"line":111,"column":26}},"45":{"start":{"line":126,"column":32},"end":{"line":128,"column":1}},"46":{"start":{"line":127,"column":4},"end":{"line":127,"column":34}},"47":{"start":{"line":126,"column":13},"end":{"line":126,"column":32}},"48":{"start":{"line":137,"column":34},"end":{"line":148,"column":1}},"49":{"start":{"line":139,"column":4},"end":{"line":145,"column":5}},"50":{"start":{"line":140,"column":8},"end":{"line":144,"column":10}},"51":{"start":{"line":147,"column":4},"end":{"line":147,"column":45}},"52":{"start":{"line":137,"column":13},"end":{"line":137,"column":34}},"53":{"start":{"line":158,"column":43},"end":{"line":180,"column":1}},"54":{"start":{"line":159,"column":4},"end":{"line":162,"column":5}},"55":{"start":{"line":160,"column":8},"end":{"line":160,"column":79}},"56":{"start":{"line":161,"column":8},"end":{"line":161,"column":15}},"57":{"start":{"line":164,"column":4},"end":{"line":168,"column":5}},"58":{"start":{"line":165,"column":8},"end":{"line":165,"column":56}},"59":{"start":{"line":166,"column":8},"end":{"line":166,"column":22}},"60":{"start":{"line":167,"column":8},"end":{"line":167,"column":15}},"61":{"start":{"line":170,"column":4},"end":{"line":179,"column":7}},"62":{"start":{"line":171,"column":34},"end":{"line":171,"column":50}},"63":{"start":{"line":172,"column":35},"end":{"line":172,"column":62}},"64":{"start":{"line":173,"column":34},"end":{"line":173,"column":56}},"65":{"start":{"line":174,"column":32},"end":{"line":174,"column":61}},"66":{"start":{"line":175,"column":27},"end":{"line":175,"column":88}},"67":{"start":{"line":177,"column":8},"end":{"line":177,"column":45}},"68":{"start":{"line":178,"column":8},"end":{"line":178,"column":58}},"69":{"start":{"line":158,"column":13},"end":{"line":158,"column":43}},"70":{"start":{"line":188,"column":21},"end":{"line":188,"column":35}},"71":{"start":{"line":189,"column":24},"end":{"line":189,"column":53}},"72":{"start":{"line":190,"column":29},"end":{"line":190,"column":54}},"73":{"start":{"line":191,"column":4},"end":{"line":191,"column":28}},"74":{"start":{"line":198,"column":30},"end":{"line":216,"column":2}},"75":{"start":{"line":198,"column":41},"end":{"line":216,"column":2}},"76":{"start":{"line":199,"column":4},"end":{"line":215,"column":7}},"77":{"start":{"line":199,"column":79},"end":{"line":215,"column":6}},"78":{"start":{"line":200,"column":8},"end":{"line":214,"column":9}},"79":{"start":{"line":201,"column":32},"end":{"line":201,"column":55}},"80":{"start":{"line":202,"column":32},"end":{"line":202,"column":48}},"81":{"start":{"line":204,"column":33},"end":{"line":204,"column":80}},"82":{"start":{"line":205,"column":33},"end":{"line":205,"column":50}},"83":{"start":{"line":206,"column":35},"end":{"line":206,"column":84}},"84":{"start":{"line":208,"column":12},"end":{"line":208,"column":91}},"85":{"start":{"line":210,"column":12},"end":{"line":210,"column":53}},"86":{"start":{"line":211,"column":12},"end":{"line":211,"column":26}},"87":{"start":{"line":213,"column":12},"end":{"line":213,"column":23}},"88":{"start":{"line":198,"column":13},"end":{"line":198,"column":30}}},"fnMap":{"0":{"name":"(anonymous_8)","decl":{"start":{"line":13,"column":17},"end":{"line":13,"column":26}},"loc":{"start":{"line":13,"column":28},"end":{"line":32,"column":2}}},"1":{"name":"(anonymous_9)","decl":{"start":{"line":13,"column":28},"end":{"line":13,"column":null}},"loc":{"start":{"line":13,"column":28},"end":{"line":32,"column":1}}},"2":{"name":"(anonymous_10)","decl":{"start":{"line":40,"column":24},"end":{"line":40,"column":31}},"loc":{"start":{"line":40,"column":75},"end":{"line":60,"column":2}}},"3":{"name":"(anonymous_11)","decl":{"start":{"line":40,"column":75},"end":{"line":40,"column":null}},"loc":{"start":{"line":40,"column":75},"end":{"line":60,"column":1}}},"4":{"name":"(anonymous_12)","decl":{"start":{"line":68,"column":26},"end":{"line":68,"column":33}},"loc":{"start":{"line":68,"column":77},"end":{"line":92,"column":2}}},"5":{"name":"(anonymous_13)","decl":{"start":{"line":68,"column":77},"end":{"line":68,"column":null}},"loc":{"start":{"line":68,"column":77},"end":{"line":92,"column":1}}},"6":{"name":"(anonymous_14)","decl":{"start":{"line":99,"column":31},"end":{"line":99,"column":32}},"loc":{"start":{"line":99,"column":61},"end":{"line":101,"column":1}}},"7":{"name":"(anonymous_15)","decl":{"start":{"line":100,"column":44},"end":{"line":100,"column":45}},"loc":{"start":{"line":100,"column":61},"end":{"line":100,"column":72}}},"8":{"name":"(anonymous_16)","decl":{"start":{"line":111,"column":26},"end":{"line":111,"column":27}},"loc":{"start":{"line":111,"column":125},"end":{"line":118,"column":1}}},"9":{"name":"(anonymous_17)","decl":{"start":{"line":126,"column":32},"end":{"line":126,"column":33}},"loc":{"start":{"line":126,"column":81},"end":{"line":128,"column":1}}},"10":{"name":"(anonymous_18)","decl":{"start":{"line":137,"column":34},"end":{"line":137,"column":35}},"loc":{"start":{"line":137,"column":102},"end":{"line":148,"column":1}}},"11":{"name":"(anonymous_19)","decl":{"start":{"line":158,"column":43},"end":{"line":158,"column":44}},"loc":{"start":{"line":158,"column":147},"end":{"line":180,"column":1}}},"12":{"name":"(anonymous_20)","decl":{"start":{"line":170,"column":19},"end":{"line":170,"column":20}},"loc":{"start":{"line":170,"column":29},"end":{"line":179,"column":5}}},"13":{"name":"extractPlaylistURI","decl":{"start":{"line":187,"column":9},"end":{"line":187,"column":27}},"loc":{"start":{"line":187,"column":39},"end":{"line":192,"column":1}}},"14":{"name":"(anonymous_22)","decl":{"start":{"line":198,"column":30},"end":{"line":198,"column":39}},"loc":{"start":{"line":198,"column":41},"end":{"line":216,"column":2}}},"15":{"name":"(anonymous_23)","decl":{"start":{"line":198,"column":41},"end":{"line":198,"column":null}},"loc":{"start":{"line":198,"column":41},"end":{"line":216,"column":1}}},"16":{"name":"(anonymous_24)","decl":{"start":{"line":199,"column":57},"end":{"line":199,"column":64}},"loc":{"start":{"line":199,"column":79},"end":{"line":215,"column":6}}},"17":{"name":"(anonymous_25)","decl":{"start":{"line":199,"column":79},"end":{"line":199,"column":null}},"loc":{"start":{"line":199,"column":79},"end":{"line":215,"column":5}}}},"branchMap":{"0":{"loc":{"start":{"line":42,"column":27},"end":{"line":42,"column":70}},"type":"cond-expr","locations":[{"start":{"line":42,"column":55},"end":{"line":42,"column":57}},{"start":{"line":42,"column":55},"end":{"line":42,"column":70}}]},"1":{"loc":{"start":{"line":42,"column":27},"end":{"line":42,"column":57}},"type":"binary-expr","locations":[{"start":{"line":42,"column":27},"end":{"line":42,"column":57}},{"start":{"line":42,"column":55},"end":{"line":42,"column":57}}]},"2":{"loc":{"start":{"line":70,"column":27},"end":{"line":70,"column":70}},"type":"cond-expr","locations":[{"start":{"line":70,"column":55},"end":{"line":70,"column":57}},{"start":{"line":70,"column":55},"end":{"line":70,"column":70}}]},"3":{"loc":{"start":{"line":70,"column":27},"end":{"line":70,"column":57}},"type":"binary-expr","locations":[{"start":{"line":70,"column":27},"end":{"line":70,"column":57}},{"start":{"line":70,"column":55},"end":{"line":70,"column":57}}]},"4":{"loc":{"start":{"line":80,"column":8},"end":{"line":85,"column":9}},"type":"if","locations":[{"start":{"line":80,"column":8},"end":{"line":85,"column":9}}]},"5":{"loc":{"start":{"line":116,"column":23},"end":{"line":116,"column":44}},"type":"binary-expr","locations":[{"start":{"line":116,"column":23},"end":{"line":116,"column":38}},{"start":{"line":116,"column":42},"end":{"line":116,"column":44}}]},"6":{"loc":{"start":{"line":139,"column":4},"end":{"line":145,"column":5}},"type":"if","locations":[{"start":{"line":139,"column":4},"end":{"line":145,"column":5}}]},"7":{"loc":{"start":{"line":159,"column":4},"end":{"line":162,"column":5}},"type":"if","locations":[{"start":{"line":159,"column":4},"end":{"line":162,"column":5}}]},"8":{"loc":{"start":{"line":164,"column":4},"end":{"line":168,"column":5}},"type":"if","locations":[{"start":{"line":164,"column":4},"end":{"line":168,"column":5}}]}},"s":{"0":1,"1":1,"2":1,"3":1,"4":1,"5":1,"6":0,"7":0,"8":0,"9":0,"10":0,"11":0,"12":0,"13":0,"14":0,"15":0,"16":1,"17":0,"18":0,"19":0,"20":0,"21":0,"22":0,"23":0,"24":0,"25":1,"26":0,"27":0,"28":0,"29":0,"30":0,"31":0,"32":0,"33":0,"34":0,"35":0,"36":0,"37":0,"38":0,"39":1,"40":0,"41":0,"42":1,"43":1,"44":1,"45":1,"46":1,"47":1,"48":1,"49":1,"50":0,"51":1,"52":1,"53":1,"54":0,"55":0,"56":0,"57":0,"58":0,"59":0,"60":0,"61":0,"62":0,"63":0,"64":0,"65":0,"66":0,"67":0,"68":0,"69":1,"70":0,"71":0,"72":0,"73":0,"74":1,"75":0,"76":0,"77":0,"78":0,"79":0,"80":0,"81":0,"82":0,"83":0,"84":0,"85":0,"86":0,"87":0,"88":1},"f":{"0":0,"1":0,"2":0,"3":0,"4":0,"5":0,"6":0,"7":0,"8":1,"9":1,"10":1,"11":0,"12":0,"13":0,"14":0,"15":0,"16":0,"17":0},"b":{"0":[0,0],"1":[0,0],"2":[0,0],"3":[0,0],"4":[0],"5":[1,0],"6":[0],"7":[0],"8":[0]}}
,"C:\\Users\\sblom\\PKD\\musikhanterare3001\\src\\types and constants.ts": {"path":"C:\\Users\\sblom\\PKD\\musikhanterare3001\\src\\types and constants.ts","statementMap":{"0":{"start":{"line":1,"column":0},"end":{"line":1,"column":37}},"1":{"start":{"line":2,"column":0},"end":{"line":2,"column":29}},"2":{"start":{"line":3,"column":0},"end":{"line":3,"column":25}},"3":{"start":{"line":41,"column":23},"end":{"line":41,"column":57}},"4":{"start":{"line":42,"column":24},"end":{"line":42,"column":69}},"5":{"start":{"line":43,"column":20},"end":{"line":43,"column":61}},"6":{"start":{"line":50,"column":4},"end":{"line":56,"column":5}},"7":{"start":{"line":51,"column":21},"end":{"line":51,"column":57}},"8":{"start":{"line":52,"column":8},"end":{"line":52,"column":48}},"9":{"start":{"line":54,"column":8},"end":{"line":54,"column":53}},"10":{"start":{"line":55,"column":8},"end":{"line":55,"column":29}},"11":{"start":{"line":49,"column":0},"end":{"line":49,"column":16}},"12":{"start":{"line":64,"column":1},"end":{"line":70,"column":2}},"13":{"start":{"line":65,"column":15},"end":{"line":65,"column":55}},"14":{"start":{"line":66,"column":2},"end":{"line":66,"column":42}},"15":{"start":{"line":68,"column":2},"end":{"line":68,"column":51}},"16":{"start":{"line":69,"column":2},"end":{"line":69,"column":12}},"17":{"start":{"line":63,"column":0},"end":{"line":63,"column":16}},"18":{"start":{"line":77,"column":13},"end":{"line":77,"column":55}},"19":{"start":{"line":83,"column":13},"end":{"line":83,"column":50}},"20":{"start":{"line":88,"column":13},"end":{"line":88,"column":48}},"21":{"start":{"line":93,"column":13},"end":{"line":96,"column":3}}},"fnMap":{"0":{"name":"loadSongs","decl":{"start":{"line":49,"column":16},"end":{"line":49,"column":25}},"loc":{"start":{"line":49,"column":25},"end":{"line":57,"column":1}}},"1":{"name":"loadPlaylists","decl":{"start":{"line":63,"column":16},"end":{"line":63,"column":29}},"loc":{"start":{"line":63,"column":29},"end":{"line":71,"column":1}}}},"branchMap":{},"s":{"0":1,"1":1,"2":1,"3":1,"4":1,"5":1,"6":2,"7":2,"8":2,"9":0,"10":0,"11":1,"12":2,"13":2,"14":2,"15":0,"16":0,"17":1,"18":1,"19":1,"20":1,"21":1},"f":{"0":2,"1":2},"b":{}}
,"C:\\Users\\sblom\\PKD\\musikhanterare3001\\src\\controllers\\helperFunctions.ts": {"path":"C:\\Users\\sblom\\PKD\\musikhanterare3001\\src\\controllers\\helperFunctions.ts","statementMap":{"0":{"start":{"line":1,"column":0},"end":{"line":1,"column":88}},"1":{"start":{"line":12,"column":4},"end":{"line":12,"column":75}},"2":{"start":{"line":11,"column":0},"end":{"line":11,"column":16}},"3":{"start":{"line":22,"column":4},"end":{"line":22,"column":65}},"4":{"start":{"line":21,"column":0},"end":{"line":21,"column":16}},"5":{"start":{"line":32,"column":4},"end":{"line":32,"column":41}},"6":{"start":{"line":31,"column":0},"end":{"line":31,"column":16}},"7":{"start":{"line":42,"column":34},"end":{"line":46,"column":6}},"8":{"start":{"line":47,"column":4},"end":{"line":47,"column":42}},"9":{"start":{"line":41,"column":0},"end":{"line":41,"column":16}},"10":{"start":{"line":56,"column":4},"end":{"line":58,"column":5}},"11":{"start":{"line":56,"column":17},"end":{"line":56,"column":18}},"12":{"start":{"line":57,"column":8},"end":{"line":57,"column":70}},"13":{"start":{"line":59,"column":4},"end":{"line":59,"column":18}},"14":{"start":{"line":55,"column":0},"end":{"line":55,"column":16}},"15":{"start":{"line":68,"column":4},"end":{"line":70,"column":5}},"16":{"start":{"line":68,"column":17},"end":{"line":68,"column":18}},"17":{"start":{"line":69,"column":8},"end":{"line":69,"column":81}},"18":{"start":{"line":71,"column":4},"end":{"line":71,"column":18}},"19":{"start":{"line":67,"column":0},"end":{"line":67,"column":16}},"20":{"start":{"line":80,"column":4},"end":{"line":80,"column":40}},"21":{"start":{"line":81,"column":4},"end":{"line":83,"column":7}},"22":{"start":{"line":82,"column":8},"end":{"line":82,"column":55}},"23":{"start":{"line":84,"column":4},"end":{"line":84,"column":18}},"24":{"start":{"line":79,"column":0},"end":{"line":79,"column":16}},"25":{"start":{"line":94,"column":32},"end":{"line":94,"column":63}},"26":{"start":{"line":96,"column":4},"end":{"line":98,"column":5}},"27":{"start":{"line":97,"column":8},"end":{"line":97,"column":18}},"28":{"start":{"line":100,"column":39},"end":{"line":100,"column":41}},"29":{"start":{"line":102,"column":4},"end":{"line":116,"column":5}},"30":{"start":{"line":103,"column":21},"end":{"line":103,"column":47}},"31":{"start":{"line":104,"column":31},"end":{"line":104,"column":55}},"32":{"start":{"line":105,"column":32},"end":{"line":105,"column":57}},"33":{"start":{"line":107,"column":8},"end":{"line":115,"column":9}},"34":{"start":{"line":111,"column":16},"end":{"line":111,"column":72}},"35":{"start":{"line":114,"column":12},"end":{"line":114,"column":37}},"36":{"start":{"line":118,"column":4},"end":{"line":118,"column":25}},"37":{"start":{"line":93,"column":0},"end":{"line":93,"column":16}},"38":{"start":{"line":129,"column":24},"end":{"line":142,"column":5}},"39":{"start":{"line":130,"column":8},"end":{"line":141,"column":11}},"40":{"start":{"line":131,"column":31},"end":{"line":131,"column":44}},"41":{"start":{"line":132,"column":34},"end":{"line":132,"column":78}},"42":{"start":{"line":134,"column":12},"end":{"line":140,"column":13}},"43":{"start":{"line":135,"column":16},"end":{"line":135,"column":79}},"44":{"start":{"line":136,"column":16},"end":{"line":136,"column":30}},"45":{"start":{"line":137,"column":16},"end":{"line":137,"column":30}},"46":{"start":{"line":139,"column":16},"end":{"line":139,"column":40}},"47":{"start":{"line":144,"column":4},"end":{"line":144,"column":18}},"48":{"start":{"line":128,"column":0},"end":{"line":128,"column":16}}},"fnMap":{"0":{"name":"isValidSongIndex","decl":{"start":{"line":11,"column":16},"end":{"line":11,"column":32}},"loc":{"start":{"line":11,"column":70},"end":{"line":13,"column":1}}},"1":{"name":"isValidPlaylistIndex","decl":{"start":{"line":21,"column":16},"end":{"line":21,"column":36}},"loc":{"start":{"line":21,"column":74},"end":{"line":23,"column":1}}},"2":{"name":"isPlaylistNameTaken","decl":{"start":{"line":31,"column":16},"end":{"line":31,"column":35}},"loc":{"start":{"line":31,"column":73},"end":{"line":33,"column":1}}},"3":{"name":"createNewPlaylist","decl":{"start":{"line":41,"column":16},"end":{"line":41,"column":33}},"loc":{"start":{"line":41,"column":79},"end":{"line":48,"column":1}}},"4":{"name":"printSongs","decl":{"start":{"line":55,"column":16},"end":{"line":55,"column":26}},"loc":{"start":{"line":55,"column":49},"end":{"line":60,"column":1}}},"5":{"name":"printSongsIndex","decl":{"start":{"line":67,"column":16},"end":{"line":67,"column":31}},"loc":{"start":{"line":67,"column":54},"end":{"line":72,"column":1}}},"6":{"name":"printPlaylists","decl":{"start":{"line":79,"column":16},"end":{"line":79,"column":30}},"loc":{"start":{"line":79,"column":54},"end":{"line":85,"column":1}}},"7":{"name":"(anonymous_7)","decl":{"start":{"line":81,"column":37},"end":{"line":81,"column":38}},"loc":{"start":{"line":81,"column":57},"end":{"line":83,"column":5}}},"8":{"name":"searchSongDatabase","decl":{"start":{"line":93,"column":16},"end":{"line":93,"column":34}},"loc":{"start":{"line":93,"column":81},"end":{"line":119,"column":1}}},"9":{"name":"(anonymous_9)","decl":{"start":{"line":110,"column":36},"end":{"line":110,"column":48}},"loc":{"start":{"line":111,"column":16},"end":{"line":111,"column":72}}},"10":{"name":"findMatchingSongs","decl":{"start":{"line":128,"column":16},"end":{"line":128,"column":33}},"loc":{"start":{"line":128,"column":108},"end":{"line":145,"column":1}}},"11":{"name":"(anonymous_11)","decl":{"start":{"line":129,"column":24},"end":{"line":129,"column":27}},"loc":{"start":{"line":129,"column":29},"end":{"line":142,"column":5}}},"12":{"name":"(anonymous_12)","decl":{"start":{"line":130,"column":45},"end":{"line":130,"column":46}},"loc":{"start":{"line":130,"column":70},"end":{"line":141,"column":9}}}},"branchMap":{"0":{"loc":{"start":{"line":12,"column":11},"end":{"line":12,"column":74}},"type":"binary-expr","locations":[{"start":{"line":12,"column":11},"end":{"line":12,"column":28}},{"start":{"line":12,"column":32},"end":{"line":12,"column":45}},{"start":{"line":12,"column":49},"end":{"line":12,"column":74}}]},"1":{"loc":{"start":{"line":22,"column":11},"end":{"line":22,"column":64}},"type":"binary-expr","locations":[{"start":{"line":22,"column":11},"end":{"line":22,"column":24}},{"start":{"line":22,"column":28},"end":{"line":22,"column":37}},{"start":{"line":22,"column":41},"end":{"line":22,"column":64}}]},"2":{"loc":{"start":{"line":96,"column":4},"end":{"line":98,"column":5}},"type":"if","locations":[{"start":{"line":96,"column":4},"end":{"line":98,"column":5}}]},"3":{"loc":{"start":{"line":107,"column":8},"end":{"line":115,"column":9}},"type":"if","locations":[{"start":{"line":107,"column":8},"end":{"line":115,"column":9}}]},"4":{"loc":{"start":{"line":108,"column":12},"end":{"line":111,"column":null}},"type":"binary-expr","locations":[{"start":{"line":108,"column":12},"end":{"line":108,"column":67}},{"start":{"line":109,"column":12},"end":{"line":109,"column":57}},{"start":{"line":110,"column":12},"end":{"line":111,"column":null}}]},"5":{"loc":{"start":{"line":134,"column":12},"end":{"line":140,"column":13}},"type":"if","locations":[{"start":{"line":134,"column":12},"end":{"line":140,"column":13}},{"start":{"line":138,"column":19},"end":{"line":140,"column":13}}]}},"s":{"0":1,"1":0,"2":1,"3":0,"4":1,"5":0,"6":1,"7":0,"8":0,"9":1,"10":0,"11":0,"12":0,"13":0,"14":1,"15":0,"16":0,"17":0,"18":0,"19":1,"20":0,"21":0,"22":0,"23":0,"24":1,"25":5,"26":5,"27":1,"28":4,"29":4,"30":15,"31":15,"32":15,"33":15,"34":3,"35":5,"36":4,"37":1,"38":0,"39":0,"40":0,"41":0,"42":0,"43":0,"44":0,"45":0,"46":0,"47":0,"48":1},"f":{"0":0,"1":0,"2":0,"3":0,"4":0,"5":0,"6":0,"7":0,"8":5,"9":3,"10":0,"11":0,"12":0},"b":{"0":[0,0,0],"1":[0,0,0],"2":[1],"3":[5],"4":[15,14,11],"5":[0,0]}}
,"C:\\Users\\sblom\\PKD\\musikhanterare3001\\src\\controllers\\playControllers.ts": {"path":"C:\\Users\\sblom\\PKD\\musikhanterare3001\\src\\controllers\\playControllers.ts","statementMap":{"0":{"start":{"line":1,"column":0},"end":{"line":1,"column":74}},"1":{"start":{"line":2,"column":0},"end":{"line":2,"column":39}},"2":{"start":{"line":3,"column":0},"end":{"line":3,"column":70}},"3":{"start":{"line":11,"column":22},"end":{"line":11,"column":38}},"4":{"start":{"line":13,"column":4},"end":{"line":17,"column":5}},"5":{"start":{"line":14,"column":8},"end":{"line":14,"column":42}},"6":{"start":{"line":15,"column":8},"end":{"line":15,"column":22}},"7":{"start":{"line":16,"column":8},"end":{"line":16,"column":15}},"8":{"start":{"line":19,"column":24},"end":{"line":19,"column":32}},"9":{"start":{"line":20,"column":4},"end":{"line":20,"column":77}},"10":{"start":{"line":21,"column":4},"end":{"line":21,"column":18}},"11":{"start":{"line":22,"column":4},"end":{"line":22,"column":42}},"12":{"start":{"line":10,"column":0},"end":{"line":10,"column":16}},"13":{"start":{"line":26,"column":4},"end":{"line":26,"column":35}},"14":{"start":{"line":27,"column":4},"end":{"line":27,"column":35}},"15":{"start":{"line":25,"column":0},"end":{"line":25,"column":16}},"16":{"start":{"line":36,"column":22},"end":{"line":36,"column":38}},"17":{"start":{"line":38,"column":4},"end":{"line":43,"column":5}},"18":{"start":{"line":39,"column":8},"end":{"line":39,"column":42}},"19":{"start":{"line":40,"column":8},"end":{"line":40,"column":22}},"20":{"start":{"line":41,"column":8},"end":{"line":41,"column":39}},"21":{"start":{"line":42,"column":8},"end":{"line":42,"column":15}},"22":{"start":{"line":45,"column":4},"end":{"line":45,"column":27}},"23":{"start":{"line":47,"column":4},"end":{"line":61,"column":7}},"24":{"start":{"line":48,"column":26},"end":{"line":48,"column":42}},"25":{"start":{"line":50,"column":8},"end":{"line":60,"column":9}},"26":{"start":{"line":51,"column":32},"end":{"line":51,"column":52}},"27":{"start":{"line":52,"column":12},"end":{"line":52,"column":85}},"28":{"start":{"line":53,"column":12},"end":{"line":53,"column":26}},"29":{"start":{"line":54,"column":12},"end":{"line":54,"column":62}},"30":{"start":{"line":55,"column":12},"end":{"line":55,"column":43}},"31":{"start":{"line":57,"column":12},"end":{"line":57,"column":66}},"32":{"start":{"line":58,"column":12},"end":{"line":58,"column":26}},"33":{"start":{"line":59,"column":12},"end":{"line":59,"column":47}},"34":{"start":{"line":35,"column":0},"end":{"line":35,"column":16}},"35":{"start":{"line":71,"column":40},"end":{"line":71,"column":56}},"36":{"start":{"line":72,"column":26},"end":{"line":72,"column":35}},"37":{"start":{"line":74,"column":4},"end":{"line":91,"column":5}},"38":{"start":{"line":75,"column":8},"end":{"line":75,"column":66}},"39":{"start":{"line":76,"column":8},"end":{"line":76,"column":22}},"40":{"start":{"line":77,"column":28},"end":{"line":77,"column":46}},"41":{"start":{"line":78,"column":8},"end":{"line":78,"column":32}},"42":{"start":{"line":79,"column":8},"end":{"line":79,"column":81}},"43":{"start":{"line":80,"column":8},"end":{"line":80,"column":22}},"44":{"start":{"line":81,"column":11},"end":{"line":91,"column":5}},"45":{"start":{"line":82,"column":8},"end":{"line":82,"column":42}},"46":{"start":{"line":83,"column":8},"end":{"line":83,"column":22}},"47":{"start":{"line":85,"column":25},"end":{"line":85,"column":87}},"48":{"start":{"line":86,"column":8},"end":{"line":86,"column":53}},"49":{"start":{"line":88,"column":28},"end":{"line":88,"column":43}},"50":{"start":{"line":89,"column":8},"end":{"line":89,"column":81}},"51":{"start":{"line":90,"column":8},"end":{"line":90,"column":22}},"52":{"start":{"line":70,"column":0},"end":{"line":70,"column":16}},"53":{"start":{"line":95,"column":4},"end":{"line":95,"column":46}},"54":{"start":{"line":96,"column":4},"end":{"line":96,"column":null}},"55":{"start":{"line":94,"column":0},"end":{"line":94,"column":16}},"56":{"start":{"line":105,"column":40},"end":{"line":105,"column":56}},"57":{"start":{"line":107,"column":4},"end":{"line":111,"column":5}},"58":{"start":{"line":108,"column":8},"end":{"line":108,"column":42}},"59":{"start":{"line":109,"column":8},"end":{"line":109,"column":22}},"60":{"start":{"line":110,"column":8},"end":{"line":110,"column":15}},"61":{"start":{"line":113,"column":4},"end":{"line":117,"column":5}},"62":{"start":{"line":114,"column":8},"end":{"line":114,"column":59}},"63":{"start":{"line":115,"column":8},"end":{"line":115,"column":22}},"64":{"start":{"line":116,"column":8},"end":{"line":116,"column":15}},"65":{"start":{"line":121,"column":4},"end":{"line":125,"column":5}},"66":{"start":{"line":122,"column":8},"end":{"line":122,"column":36}},"67":{"start":{"line":124,"column":8},"end":{"line":124,"column":40}},"68":{"start":{"line":127,"column":25},"end":{"line":127,"column":40}},"69":{"start":{"line":128,"column":4},"end":{"line":128,"column":79}},"70":{"start":{"line":129,"column":4},"end":{"line":129,"column":18}},"71":{"start":{"line":130,"column":4},"end":{"line":130,"column":49}},"72":{"start":{"line":104,"column":0},"end":{"line":104,"column":16}},"73":{"start":{"line":135,"column":1},"end":{"line":135,"column":36}},"74":{"start":{"line":136,"column":4},"end":{"line":136,"column":35}},"75":{"start":{"line":134,"column":0},"end":{"line":134,"column":16}},"76":{"start":{"line":145,"column":22},"end":{"line":145,"column":38}},"77":{"start":{"line":147,"column":4},"end":{"line":151,"column":5}},"78":{"start":{"line":148,"column":8},"end":{"line":148,"column":42}},"79":{"start":{"line":149,"column":8},"end":{"line":149,"column":22}},"80":{"start":{"line":150,"column":8},"end":{"line":150,"column":15}},"81":{"start":{"line":153,"column":24},"end":{"line":153,"column":64}},"82":{"start":{"line":154,"column":4},"end":{"line":154,"column":52}},"83":{"start":{"line":156,"column":24},"end":{"line":156,"column":42}},"84":{"start":{"line":157,"column":4},"end":{"line":157,"column":77}},"85":{"start":{"line":158,"column":4},"end":{"line":158,"column":18}},"86":{"start":{"line":144,"column":0},"end":{"line":144,"column":16}},"87":{"start":{"line":162,"column":4},"end":{"line":162,"column":34}},"88":{"start":{"line":163,"column":4},"end":{"line":163,"column":35}},"89":{"start":{"line":161,"column":0},"end":{"line":161,"column":16}}},"fnMap":{"0":{"name":"playPlaylist","decl":{"start":{"line":10,"column":16},"end":{"line":10,"column":28}},"loc":{"start":{"line":10,"column":55},"end":{"line":23,"column":1}}},"1":{"name":"playPlaylistCallback","decl":{"start":{"line":25,"column":16},"end":{"line":25,"column":36}},"loc":{"start":{"line":25,"column":63},"end":{"line":28,"column":1}}},"2":{"name":"playSpecificSong","decl":{"start":{"line":35,"column":16},"end":{"line":35,"column":32}},"loc":{"start":{"line":35,"column":59},"end":{"line":62,"column":1}}},"3":{"name":"(anonymous_3)","decl":{"start":{"line":47,"column":67},"end":{"line":47,"column":68}},"loc":{"start":{"line":47,"column":92},"end":{"line":61,"column":5}}},"4":{"name":"playNextSong","decl":{"start":{"line":70,"column":16},"end":{"line":70,"column":28}},"loc":{"start":{"line":70,"column":80},"end":{"line":92,"column":1}}},"5":{"name":"playNextSongCallback","decl":{"start":{"line":94,"column":16},"end":{"line":94,"column":36}},"loc":{"start":{"line":94,"column":88},"end":{"line":97,"column":1}}},"6":{"name":"playPreviousSong","decl":{"start":{"line":104,"column":16},"end":{"line":104,"column":32}},"loc":{"start":{"line":104,"column":59},"end":{"line":131,"column":1}}},"7":{"name":"playPreviousSongCallback","decl":{"start":{"line":134,"column":16},"end":{"line":134,"column":40}},"loc":{"start":{"line":134,"column":67},"end":{"line":137,"column":1}}},"8":{"name":"shuffleSong","decl":{"start":{"line":144,"column":16},"end":{"line":144,"column":27}},"loc":{"start":{"line":144,"column":54},"end":{"line":159,"column":1}}},"9":{"name":"shuffleSongCallback","decl":{"start":{"line":161,"column":16},"end":{"line":161,"column":35}},"loc":{"start":{"line":161,"column":62},"end":{"line":164,"column":1}}}},"branchMap":{"0":{"loc":{"start":{"line":13,"column":4},"end":{"line":17,"column":5}},"type":"if","locations":[{"start":{"line":13,"column":4},"end":{"line":17,"column":5}}]},"1":{"loc":{"start":{"line":38,"column":4},"end":{"line":43,"column":5}},"type":"if","locations":[{"start":{"line":38,"column":4},"end":{"line":43,"column":5}}]},"2":{"loc":{"start":{"line":50,"column":8},"end":{"line":60,"column":9}},"type":"if","locations":[{"start":{"line":50,"column":8},"end":{"line":60,"column":9}},{"start":{"line":56,"column":15},"end":{"line":60,"column":9}}]},"3":{"loc":{"start":{"line":74,"column":4},"end":{"line":91,"column":5}},"type":"if","locations":[{"start":{"line":74,"column":4},"end":{"line":91,"column":5}},{"start":{"line":81,"column":11},"end":{"line":91,"column":5}}]},"4":{"loc":{"start":{"line":81,"column":11},"end":{"line":91,"column":5}},"type":"if","locations":[{"start":{"line":81,"column":11},"end":{"line":91,"column":5}},{"start":{"line":84,"column":11},"end":{"line":91,"column":5}}]},"5":{"loc":{"start":{"line":85,"column":25},"end":{"line":85,"column":87}},"type":"cond-expr","locations":[{"start":{"line":85,"column":63},"end":{"line":85,"column":83}},{"start":{"line":85,"column":86},"end":{"line":85,"column":87}}]},"6":{"loc":{"start":{"line":107,"column":4},"end":{"line":111,"column":5}},"type":"if","locations":[{"start":{"line":107,"column":4},"end":{"line":111,"column":5}}]},"7":{"loc":{"start":{"line":113,"column":4},"end":{"line":117,"column":5}},"type":"if","locations":[{"start":{"line":113,"column":4},"end":{"line":117,"column":5}}]},"8":{"loc":{"start":{"line":121,"column":4},"end":{"line":125,"column":5}},"type":"if","locations":[{"start":{"line":121,"column":4},"end":{"line":125,"column":5}},{"start":{"line":123,"column":11},"end":{"line":125,"column":5}}]},"9":{"loc":{"start":{"line":147,"column":4},"end":{"line":151,"column":5}},"type":"if","locations":[{"start":{"line":147,"column":4},"end":{"line":151,"column":5}}]}},"s":{"0":1,"1":1,"2":1,"3":2,"4":2,"5":0,"6":0,"7":0,"8":2,"9":2,"10":2,"11":2,"12":1,"13":0,"14":0,"15":1,"16":0,"17":0,"18":0,"19":0,"20":0,"21":0,"22":0,"23":0,"24":0,"25":0,"26":0,"27":0,"28":0,"29":0,"30":0,"31":0,"32":0,"33":0,"34":1,"35":4,"36":4,"37":4,"38":1,"39":1,"40":1,"41":1,"42":1,"43":1,"44":3,"45":1,"46":1,"47":2,"48":2,"49":2,"50":2,"51":2,"52":1,"53":0,"54":0,"55":1,"56":2,"57":2,"58":1,"59":1,"60":1,"61":1,"62":0,"63":0,"64":0,"65":1,"66":1,"67":0,"68":1,"69":1,"70":1,"71":1,"72":1,"73":0,"74":0,"75":1,"76":1,"77":1,"78":1,"79":1,"80":1,"81":0,"82":0,"83":0,"84":0,"85":0,"86":1,"87":0,"88":0,"89":1},"f":{"0":2,"1":0,"2":0,"3":0,"4":4,"5":0,"6":2,"7":0,"8":1,"9":0},"b":{"0":[0],"1":[0],"2":[0,0],"3":[1,3],"4":[1,2],"5":[1,1],"6":[1],"7":[0],"8":[1,0],"9":[1]}}
,"C:\\Users\\sblom\\PKD\\musikhanterare3001\\src\\controllers\\playlistControllers.ts": {"path":"C:\\Users\\sblom\\PKD\\musikhanterare3001\\src\\controllers\\playlistControllers.ts","statementMap":{"0":{"start":{"line":1,"column":0},"end":{"line":1,"column":74}},"1":{"start":{"line":2,"column":0},"end":{"line":2,"column":101}},"2":{"start":{"line":3,"column":0},"end":{"line":3,"column":39}},"3":{"start":{"line":13,"column":22},"end":{"line":13,"column":31}},"4":{"start":{"line":15,"column":4},"end":{"line":20,"column":5}},"5":{"start":{"line":16,"column":8},"end":{"line":16,"column":31}},"6":{"start":{"line":18,"column":8},"end":{"line":18,"column":null}},"7":{"start":{"line":19,"column":8},"end":{"line":19,"column":22}},"8":{"start":{"line":12,"column":0},"end":{"line":12,"column":16}},"9":{"start":{"line":24,"column":4},"end":{"line":24,"column":43}},"10":{"start":{"line":25,"column":4},"end":{"line":25,"column":35}},"11":{"start":{"line":23,"column":0},"end":{"line":23,"column":16}},"12":{"start":{"line":36,"column":39},"end":{"line":36,"column":41}},"13":{"start":{"line":38,"column":4},"end":{"line":60,"column":7}},"14":{"start":{"line":39,"column":8},"end":{"line":39,"column":45}},"15":{"start":{"line":41,"column":8},"end":{"line":43,"column":9}},"16":{"start":{"line":42,"column":12},"end":{"line":42,"column":41}},"17":{"start":{"line":45,"column":8},"end":{"line":45,"column":39}},"18":{"start":{"line":46,"column":8},"end":{"line":46,"column":22}},"19":{"start":{"line":47,"column":8},"end":{"line":47,"column":39}},"20":{"start":{"line":49,"column":8},"end":{"line":59,"column":11}},"21":{"start":{"line":50,"column":30},"end":{"line":50,"column":46}},"22":{"start":{"line":52,"column":12},"end":{"line":58,"column":13}},"23":{"start":{"line":53,"column":16},"end":{"line":53,"column":92}},"24":{"start":{"line":55,"column":16},"end":{"line":55,"column":69}},"25":{"start":{"line":56,"column":16},"end":{"line":56,"column":30}},"26":{"start":{"line":57,"column":16},"end":{"line":57,"column":72}},"27":{"start":{"line":35,"column":0},"end":{"line":35,"column":16}},"28":{"start":{"line":64,"column":4},"end":{"line":64,"column":62}},"29":{"start":{"line":65,"column":4},"end":{"line":65,"column":33}},"30":{"start":{"line":76,"column":25},"end":{"line":76,"column":54}},"31":{"start":{"line":77,"column":4},"end":{"line":77,"column":46}},"32":{"start":{"line":78,"column":4},"end":{"line":78,"column":106}},"33":{"start":{"line":79,"column":4},"end":{"line":79,"column":18}},"34":{"start":{"line":75,"column":0},"end":{"line":75,"column":16}},"35":{"start":{"line":88,"column":28},"end":{"line":88,"column":44}},"36":{"start":{"line":90,"column":4},"end":{"line":95,"column":5}},"37":{"start":{"line":91,"column":8},"end":{"line":91,"column":50}},"38":{"start":{"line":92,"column":8},"end":{"line":92,"column":22}},"39":{"start":{"line":93,"column":8},"end":{"line":93,"column":39}},"40":{"start":{"line":94,"column":8},"end":{"line":94,"column":15}},"41":{"start":{"line":97,"column":4},"end":{"line":97,"column":46}},"42":{"start":{"line":98,"column":4},"end":{"line":98,"column":18}},"43":{"start":{"line":99,"column":4},"end":{"line":99,"column":27}},"44":{"start":{"line":101,"column":4},"end":{"line":111,"column":7}},"45":{"start":{"line":102,"column":26},"end":{"line":102,"column":42}},"46":{"start":{"line":104,"column":8},"end":{"line":110,"column":9}},"47":{"start":{"line":105,"column":12},"end":{"line":105,"column":66}},"48":{"start":{"line":107,"column":12},"end":{"line":107,"column":65}},"49":{"start":{"line":108,"column":12},"end":{"line":108,"column":26}},"50":{"start":{"line":109,"column":12},"end":{"line":109,"column":41}},"51":{"start":{"line":87,"column":0},"end":{"line":87,"column":16}},"52":{"start":{"line":115,"column":4},"end":{"line":115,"column":50}},"53":{"start":{"line":116,"column":4},"end":{"line":116,"column":null}},"54":{"start":{"line":126,"column":40},"end":{"line":126,"column":56}},"55":{"start":{"line":128,"column":4},"end":{"line":128,"column":35}},"56":{"start":{"line":130,"column":4},"end":{"line":132,"column":5}},"57":{"start":{"line":131,"column":8},"end":{"line":131,"column":78}},"58":{"start":{"line":125,"column":0},"end":{"line":125,"column":16}}},"fnMap":{"0":{"name":"viewQueue","decl":{"start":{"line":12,"column":16},"end":{"line":12,"column":25}},"loc":{"start":{"line":12,"column":73},"end":{"line":21,"column":1}}},"1":{"name":"viewQueueCallback","decl":{"start":{"line":23,"column":16},"end":{"line":23,"column":33}},"loc":{"start":{"line":23,"column":81},"end":{"line":26,"column":1}}},"2":{"name":"addSong","decl":{"start":{"line":35,"column":16},"end":{"line":35,"column":23}},"loc":{"start":{"line":35,"column":104},"end":{"line":61,"column":1}}},"3":{"name":"(anonymous_3)","decl":{"start":{"line":38,"column":36},"end":{"line":38,"column":37}},"loc":{"start":{"line":38,"column":62},"end":{"line":60,"column":5}}},"4":{"name":"(anonymous_4)","decl":{"start":{"line":49,"column":70},"end":{"line":49,"column":71}},"loc":{"start":{"line":49,"column":95},"end":{"line":59,"column":9}}},"5":{"name":"addSongCallback","decl":{"start":{"line":63,"column":9},"end":{"line":63,"column":24}},"loc":{"start":{"line":63,"column":124},"end":{"line":66,"column":1}}},"6":{"name":"addSongHelper","decl":{"start":{"line":75,"column":16},"end":{"line":75,"column":29}},"loc":{"start":{"line":75,"column":104},"end":{"line":80,"column":1}}},"7":{"name":"removeSong","decl":{"start":{"line":87,"column":16},"end":{"line":87,"column":26}},"loc":{"start":{"line":87,"column":53},"end":{"line":112,"column":1}}},"8":{"name":"(anonymous_8)","decl":{"start":{"line":101,"column":68},"end":{"line":101,"column":69}},"loc":{"start":{"line":101,"column":93},"end":{"line":111,"column":5}}},"9":{"name":"removeSongHelperCallback","decl":{"start":{"line":114,"column":9},"end":{"line":114,"column":33}},"loc":{"start":{"line":114,"column":79},"end":{"line":117,"column":1}}},"10":{"name":"removeSongHelper","decl":{"start":{"line":125,"column":16},"end":{"line":125,"column":32}},"loc":{"start":{"line":125,"column":78},"end":{"line":133,"column":1}}}},"branchMap":{"0":{"loc":{"start":{"line":15,"column":4},"end":{"line":20,"column":5}},"type":"if","locations":[{"start":{"line":15,"column":4},"end":{"line":20,"column":5}},{"start":{"line":17,"column":11},"end":{"line":20,"column":5}}]},"1":{"loc":{"start":{"line":41,"column":8},"end":{"line":43,"column":9}},"type":"if","locations":[{"start":{"line":41,"column":8},"end":{"line":43,"column":9}}]},"2":{"loc":{"start":{"line":52,"column":12},"end":{"line":58,"column":13}},"type":"if","locations":[{"start":{"line":52,"column":12},"end":{"line":58,"column":13}},{"start":{"line":54,"column":19},"end":{"line":58,"column":13}}]},"3":{"loc":{"start":{"line":90,"column":4},"end":{"line":95,"column":5}},"type":"if","locations":[{"start":{"line":90,"column":4},"end":{"line":95,"column":5}}]},"4":{"loc":{"start":{"line":104,"column":8},"end":{"line":110,"column":9}},"type":"if","locations":[{"start":{"line":104,"column":8},"end":{"line":110,"column":9}},{"start":{"line":106,"column":15},"end":{"line":110,"column":9}}]},"5":{"loc":{"start":{"line":130,"column":4},"end":{"line":132,"column":5}},"type":"if","locations":[{"start":{"line":130,"column":4},"end":{"line":132,"column":5}}]}},"s":{"0":1,"1":1,"2":1,"3":0,"4":0,"5":0,"6":0,"7":0,"8":1,"9":0,"10":0,"11":1,"12":0,"13":0,"14":0,"15":0,"16":0,"17":0,"18":0,"19":0,"20":0,"21":0,"22":0,"23":0,"24":0,"25":0,"26":0,"27":1,"28":0,"29":0,"30":2,"31":2,"32":2,"33":2,"34":1,"35":0,"36":0,"37":0,"38":0,"39":0,"40":0,"41":0,"42":0,"43":0,"44":0,"45":0,"46":0,"47":0,"48":0,"49":0,"50":0,"51":1,"52":0,"53":0,"54":1,"55":1,"56":1,"57":0,"58":1},"f":{"0":0,"1":0,"2":0,"3":0,"4":0,"5":0,"6":2,"7":0,"8":0,"9":0,"10":1},"b":{"0":[0,0],"1":[0],"2":[0,0],"3":[0],"4":[0,0],"5":[0]}}
}
