{"C:\\Users\\sblom\\PKD\\musikhanterare3001\\src\\menu.ts": {"path":"C:\\Users\\sblom\\PKD\\musikhanterare3001\\src\\menu.ts","statementMap":{"0":{"start":{"line":1,"column":0},"end":{"line":1,"column":96}},"1":{"start":{"line":2,"column":0},"end":{"line":2,"column":137}},"2":{"start":{"line":3,"column":0},"end":{"line":3,"column":155}},"3":{"start":{"line":4,"column":0},"end":{"line":4,"column":91}},"4":{"start":{"line":5,"column":0},"end":{"line":5,"column":45}},"5":{"start":{"line":13,"column":4},"end":{"line":13,"column":39}},"6":{"start":{"line":14,"column":4},"end":{"line":14,"column":37}},"7":{"start":{"line":15,"column":4},"end":{"line":15,"column":null}},"8":{"start":{"line":16,"column":4},"end":{"line":27,"column":7}},"9":{"start":{"line":17,"column":8},"end":{"line":26,"column":9}},"10":{"start":{"line":18,"column":12},"end":{"line":18,"column":42}},"11":{"start":{"line":19,"column":15},"end":{"line":26,"column":9}},"12":{"start":{"line":20,"column":12},"end":{"line":20,"column":40}},"13":{"start":{"line":21,"column":15},"end":{"line":26,"column":9}},"14":{"start":{"line":22,"column":12},"end":{"line":22,"column":29}},"15":{"start":{"line":24,"column":12},"end":{"line":24,"column":64}},"16":{"start":{"line":25,"column":12},"end":{"line":25,"column":23}},"17":{"start":{"line":12,"column":0},"end":{"line":12,"column":16}},"18":{"start":{"line":37,"column":26},"end":{"line":37,"column":48}},"19":{"start":{"line":39,"column":4},"end":{"line":42,"column":5}},"20":{"start":{"line":40,"column":8},"end":{"line":40,"column":47}},"21":{"start":{"line":41,"column":8},"end":{"line":41,"column":15}},"22":{"start":{"line":44,"column":4},"end":{"line":44,"column":30}},"23":{"start":{"line":46,"column":4},"end":{"line":59,"column":7}},"24":{"start":{"line":47,"column":22},"end":{"line":47,"column":38}},"25":{"start":{"line":49,"column":8},"end":{"line":58,"column":9}},"26":{"start":{"line":50,"column":40},"end":{"line":50,"column":64}},"27":{"start":{"line":51,"column":37},"end":{"line":51,"column":67}},"28":{"start":{"line":52,"column":12},"end":{"line":52,"column":73}},"29":{"start":{"line":53,"column":12},"end":{"line":53,"column":47}},"30":{"start":{"line":54,"column":12},"end":{"line":54,"column":43}},"31":{"start":{"line":56,"column":12},"end":{"line":56,"column":69}},"32":{"start":{"line":57,"column":12},"end":{"line":57,"column":42}},"33":{"start":{"line":36,"column":0},"end":{"line":36,"column":16}},"34":{"start":{"line":69,"column":4},"end":{"line":69,"column":63}},"35":{"start":{"line":70,"column":4},"end":{"line":70,"column":37}},"36":{"start":{"line":71,"column":4},"end":{"line":71,"column":42}},"37":{"start":{"line":72,"column":4},"end":{"line":72,"column":38}},"38":{"start":{"line":73,"column":4},"end":{"line":73,"column":42}},"39":{"start":{"line":74,"column":4},"end":{"line":74,"column":44}},"40":{"start":{"line":75,"column":4},"end":{"line":75,"column":49}},"41":{"start":{"line":76,"column":4},"end":{"line":76,"column":34}},"42":{"start":{"line":77,"column":4},"end":{"line":77,"column":41}},"43":{"start":{"line":78,"column":4},"end":{"line":78,"column":31}},"44":{"start":{"line":79,"column":4},"end":{"line":79,"column":40}},"45":{"start":{"line":81,"column":4},"end":{"line":106,"column":7}},"46":{"start":{"line":82,"column":8},"end":{"line":105,"column":9}},"47":{"start":{"line":83,"column":12},"end":{"line":83,"column":51}},"48":{"start":{"line":84,"column":15},"end":{"line":105,"column":9}},"49":{"start":{"line":85,"column":12},"end":{"line":85,"column":47}},"50":{"start":{"line":86,"column":15},"end":{"line":105,"column":9}},"51":{"start":{"line":87,"column":12},"end":{"line":87,"column":62}},"52":{"start":{"line":88,"column":15},"end":{"line":105,"column":9}},"53":{"start":{"line":89,"column":12},"end":{"line":89,"column":55}},"54":{"start":{"line":90,"column":15},"end":{"line":105,"column":9}},"55":{"start":{"line":91,"column":12},"end":{"line":91,"column":66}},"56":{"start":{"line":92,"column":15},"end":{"line":105,"column":9}},"57":{"start":{"line":93,"column":12},"end":{"line":93,"column":41}},"58":{"start":{"line":94,"column":15},"end":{"line":105,"column":9}},"59":{"start":{"line":95,"column":12},"end":{"line":95,"column":59}},"60":{"start":{"line":96,"column":15},"end":{"line":105,"column":9}},"61":{"start":{"line":97,"column":12},"end":{"line":97,"column":59}},"62":{"start":{"line":98,"column":15},"end":{"line":105,"column":9}},"63":{"start":{"line":99,"column":12},"end":{"line":99,"column":50}},"64":{"start":{"line":100,"column":15},"end":{"line":105,"column":9}},"65":{"start":{"line":101,"column":12},"end":{"line":101,"column":23}},"66":{"start":{"line":103,"column":12},"end":{"line":103,"column":77}},"67":{"start":{"line":104,"column":12},"end":{"line":104,"column":43}},"68":{"start":{"line":68,"column":0},"end":{"line":68,"column":16}},"69":{"start":{"line":116,"column":4},"end":{"line":124,"column":7}},"70":{"start":{"line":117,"column":8},"end":{"line":123,"column":9}},"71":{"start":{"line":118,"column":12},"end":{"line":118,"column":57}},"72":{"start":{"line":119,"column":12},"end":{"line":119,"column":40}},"73":{"start":{"line":121,"column":12},"end":{"line":121,"column":55}},"74":{"start":{"line":122,"column":12},"end":{"line":122,"column":50}},"75":{"start":{"line":115,"column":0},"end":{"line":115,"column":16}}},"fnMap":{"0":{"name":"mainMenu","decl":{"start":{"line":12,"column":16},"end":{"line":12,"column":24}},"loc":{"start":{"line":12,"column":24},"end":{"line":28,"column":1}}},"1":{"name":"(anonymous_1)","decl":{"start":{"line":16,"column":39},"end":{"line":16,"column":40}},"loc":{"start":{"line":16,"column":64},"end":{"line":27,"column":5}}},"2":{"name":"choosePlaylistMenu","decl":{"start":{"line":36,"column":16},"end":{"line":36,"column":34}},"loc":{"start":{"line":36,"column":58},"end":{"line":60,"column":1}}},"3":{"name":"(anonymous_3)","decl":{"start":{"line":46,"column":72},"end":{"line":46,"column":73}},"loc":{"start":{"line":46,"column":97},"end":{"line":59,"column":5}}},"4":{"name":"playlistMenu","decl":{"start":{"line":68,"column":16},"end":{"line":68,"column":28}},"loc":{"start":{"line":68,"column":55},"end":{"line":107,"column":1}}},"5":{"name":"(anonymous_5)","decl":{"start":{"line":81,"column":39},"end":{"line":81,"column":40}},"loc":{"start":{"line":81,"column":64},"end":{"line":106,"column":5}}},"6":{"name":"makePlaylistMenu","decl":{"start":{"line":115,"column":16},"end":{"line":115,"column":32}},"loc":{"start":{"line":115,"column":56},"end":{"line":125,"column":1}}},"7":{"name":"(anonymous_7)","decl":{"start":{"line":116,"column":50},"end":{"line":116,"column":51}},"loc":{"start":{"line":116,"column":81},"end":{"line":124,"column":5}}}},"branchMap":{"0":{"loc":{"start":{"line":17,"column":8},"end":{"line":26,"column":9}},"type":"if","locations":[{"start":{"line":17,"column":8},"end":{"line":26,"column":9}},{"start":{"line":19,"column":15},"end":{"line":26,"column":9}}]},"1":{"loc":{"start":{"line":19,"column":15},"end":{"line":26,"column":9}},"type":"if","locations":[{"start":{"line":19,"column":15},"end":{"line":26,"column":9}},{"start":{"line":21,"column":15},"end":{"line":26,"column":9}}]},"2":{"loc":{"start":{"line":21,"column":15},"end":{"line":26,"column":9}},"type":"if","locations":[{"start":{"line":21,"column":15},"end":{"line":26,"column":9}},{"start":{"line":23,"column":15},"end":{"line":26,"column":9}}]},"3":{"loc":{"start":{"line":39,"column":4},"end":{"line":42,"column":5}},"type":"if","locations":[{"start":{"line":39,"column":4},"end":{"line":42,"column":5}}]},"4":{"loc":{"start":{"line":49,"column":8},"end":{"line":58,"column":9}},"type":"if","locations":[{"start":{"line":49,"column":8},"end":{"line":58,"column":9}},{"start":{"line":55,"column":15},"end":{"line":58,"column":9}}]},"5":{"loc":{"start":{"line":82,"column":8},"end":{"line":105,"column":9}},"type":"if","locations":[{"start":{"line":82,"column":8},"end":{"line":105,"column":9}},{"start":{"line":84,"column":15},"end":{"line":105,"column":9}}]},"6":{"loc":{"start":{"line":84,"column":15},"end":{"line":105,"column":9}},"type":"if","locations":[{"start":{"line":84,"column":15},"end":{"line":105,"column":9}},{"start":{"line":86,"column":15},"end":{"line":105,"column":9}}]},"7":{"loc":{"start":{"line":86,"column":15},"end":{"line":105,"column":9}},"type":"if","locations":[{"start":{"line":86,"column":15},"end":{"line":105,"column":9}},{"start":{"line":88,"column":15},"end":{"line":105,"column":9}}]},"8":{"loc":{"start":{"line":88,"column":15},"end":{"line":105,"column":9}},"type":"if","locations":[{"start":{"line":88,"column":15},"end":{"line":105,"column":9}},{"start":{"line":90,"column":15},"end":{"line":105,"column":9}}]},"9":{"loc":{"start":{"line":90,"column":15},"end":{"line":105,"column":9}},"type":"if","locations":[{"start":{"line":90,"column":15},"end":{"line":105,"column":9}},{"start":{"line":92,"column":15},"end":{"line":105,"column":9}}]},"10":{"loc":{"start":{"line":92,"column":15},"end":{"line":105,"column":9}},"type":"if","locations":[{"start":{"line":92,"column":15},"end":{"line":105,"column":9}},{"start":{"line":94,"column":15},"end":{"line":105,"column":9}}]},"11":{"loc":{"start":{"line":94,"column":15},"end":{"line":105,"column":9}},"type":"if","locations":[{"start":{"line":94,"column":15},"end":{"line":105,"column":9}},{"start":{"line":96,"column":15},"end":{"line":105,"column":9}}]},"12":{"loc":{"start":{"line":96,"column":15},"end":{"line":105,"column":9}},"type":"if","locations":[{"start":{"line":96,"column":15},"end":{"line":105,"column":9}},{"start":{"line":98,"column":15},"end":{"line":105,"column":9}}]},"13":{"loc":{"start":{"line":98,"column":15},"end":{"line":105,"column":9}},"type":"if","locations":[{"start":{"line":98,"column":15},"end":{"line":105,"column":9}},{"start":{"line":100,"column":15},"end":{"line":105,"column":9}}]},"14":{"loc":{"start":{"line":100,"column":15},"end":{"line":105,"column":9}},"type":"if","locations":[{"start":{"line":100,"column":15},"end":{"line":105,"column":9}},{"start":{"line":102,"column":15},"end":{"line":105,"column":9}}]},"15":{"loc":{"start":{"line":117,"column":8},"end":{"line":123,"column":9}},"type":"if","locations":[{"start":{"line":117,"column":8},"end":{"line":123,"column":9}},{"start":{"line":120,"column":15},"end":{"line":123,"column":9}}]}},"s":{"0":1,"1":1,"2":1,"3":1,"4":1,"5":0,"6":0,"7":0,"8":0,"9":0,"10":0,"11":0,"12":0,"13":0,"14":0,"15":0,"16":0,"17":1,"18":0,"19":0,"20":0,"21":0,"22":0,"23":0,"24":0,"25":0,"26":0,"27":0,"28":0,"29":0,"30":0,"31":0,"32":0,"33":1,"34":0,"35":0,"36":0,"37":0,"38":0,"39":0,"40":0,"41":0,"42":0,"43":0,"44":0,"45":0,"46":0,"47":0,"48":0,"49":0,"50":0,"51":0,"52":0,"53":0,"54":0,"55":0,"56":0,"57":0,"58":0,"59":0,"60":0,"61":0,"62":0,"63":0,"64":0,"65":0,"66":0,"67":0,"68":1,"69":0,"70":0,"71":0,"72":0,"73":0,"74":0,"75":1},"f":{"0":0,"1":0,"2":0,"3":0,"4":0,"5":0,"6":0,"7":0},"b":{"0":[0,0],"1":[0,0],"2":[0,0],"3":[0],"4":[0,0],"5":[0,0],"6":[0,0],"7":[0,0],"8":[0,0],"9":[0,0],"10":[0,0],"11":[0,0],"12":[0,0],"13":[0,0],"14":[0,0],"15":[0,0]}}
,"C:\\Users\\sblom\\PKD\\musikhanterare3001\\src\\spotify-api.ts": {"path":"C:\\Users\\sblom\\PKD\\musikhanterare3001\\src\\spotify-api.ts","statementMap":{"0":{"start":{"line":1,"column":0},"end":{"line":1,"column":26}},"1":{"start":{"line":2,"column":0},"end":{"line":2,"column":98}},"2":{"start":{"line":3,"column":0},"end":{"line":3,"column":34}},"3":{"start":{"line":6,"column":17},"end":{"line":6,"column":51}},"4":{"start":{"line":7,"column":21},"end":{"line":7,"column":55}},"5":{"start":{"line":13,"column":17},"end":{"line":31,"column":2}},"6":{"start":{"line":13,"column":28},"end":{"line":31,"column":2}},"7":{"start":{"line":14,"column":23},"end":{"line":14,"column":84}},"8":{"start":{"line":15,"column":24},"end":{"line":20,"column":6}},"9":{"start":{"line":22,"column":21},"end":{"line":22,"column":52}},"10":{"start":{"line":24,"column":4},"end":{"line":30,"column":5}},"11":{"start":{"line":25,"column":25},"end":{"line":25,"column":106}},"12":{"start":{"line":26,"column":8},"end":{"line":26,"column":42}},"13":{"start":{"line":28,"column":8},"end":{"line":28,"column":59}},"14":{"start":{"line":29,"column":8},"end":{"line":29,"column":20}},"15":{"start":{"line":39,"column":24},"end":{"line":59,"column":2}},"16":{"start":{"line":39,"column":75},"end":{"line":59,"column":2}},"17":{"start":{"line":40,"column":4},"end":{"line":58,"column":9}},"18":{"start":{"line":41,"column":27},"end":{"line":41,"column":70}},"19":{"start":{"line":43,"column":33},"end":{"line":47,"column":10}},"20":{"start":{"line":49,"column":29},"end":{"line":52,"column":10}},"21":{"start":{"line":54,"column":8},"end":{"line":54,"column":28}},"22":{"start":{"line":56,"column":12},"end":{"line":56,"column":66}},"23":{"start":{"line":57,"column":12},"end":{"line":57,"column":24}},"24":{"start":{"line":67,"column":26},"end":{"line":90,"column":2}},"25":{"start":{"line":67,"column":77},"end":{"line":90,"column":2}},"26":{"start":{"line":68,"column":4},"end":{"line":89,"column":9}},"27":{"start":{"line":69,"column":27},"end":{"line":69,"column":70}},"28":{"start":{"line":71,"column":33},"end":{"line":75,"column":10}},"29":{"start":{"line":77,"column":23},"end":{"line":77,"column":50}},"30":{"start":{"line":79,"column":8},"end":{"line":83,"column":9}},"31":{"start":{"line":80,"column":12},"end":{"line":80,"column":83}},"32":{"start":{"line":81,"column":12},"end":{"line":81,"column":60}},"33":{"start":{"line":82,"column":12},"end":{"line":82,"column":22}},"34":{"start":{"line":85,"column":8},"end":{"line":85,"column":22}},"35":{"start":{"line":87,"column":12},"end":{"line":87,"column":68}},"36":{"start":{"line":88,"column":12},"end":{"line":88,"column":24}},"37":{"start":{"line":97,"column":31},"end":{"line":100,"column":1}},"38":{"start":{"line":98,"column":43},"end":{"line":98,"column":105}},"39":{"start":{"line":98,"column":93},"end":{"line":98,"column":104}},"40":{"start":{"line":99,"column":4},"end":{"line":99,"column":27}},"41":{"start":{"line":112,"column":46},"end":{"line":112,"column":48}},"42":{"start":{"line":114,"column":4},"end":{"line":116,"column":5}},"43":{"start":{"line":115,"column":8},"end":{"line":115,"column":52}},"44":{"start":{"line":118,"column":23},"end":{"line":123,"column":6}},"45":{"start":{"line":125,"column":4},"end":{"line":125,"column":34}},"46":{"start":{"line":139,"column":46},"end":{"line":139,"column":48}},"47":{"start":{"line":141,"column":4},"end":{"line":143,"column":5}},"48":{"start":{"line":142,"column":8},"end":{"line":142,"column":52}},"49":{"start":{"line":145,"column":23},"end":{"line":150,"column":6}},"50":{"start":{"line":152,"column":4},"end":{"line":158,"column":5}},"51":{"start":{"line":153,"column":8},"end":{"line":157,"column":10}},"52":{"start":{"line":160,"column":4},"end":{"line":160,"column":45}},"53":{"start":{"line":171,"column":36},"end":{"line":191,"column":1}},"54":{"start":{"line":172,"column":4},"end":{"line":175,"column":5}},"55":{"start":{"line":173,"column":8},"end":{"line":173,"column":79}},"56":{"start":{"line":174,"column":8},"end":{"line":174,"column":15}},"57":{"start":{"line":177,"column":4},"end":{"line":180,"column":5}},"58":{"start":{"line":178,"column":8},"end":{"line":178,"column":56}},"59":{"start":{"line":179,"column":8},"end":{"line":179,"column":15}},"60":{"start":{"line":182,"column":4},"end":{"line":190,"column":7}},"61":{"start":{"line":183,"column":34},"end":{"line":183,"column":50}},"62":{"start":{"line":184,"column":35},"end":{"line":184,"column":62}},"63":{"start":{"line":185,"column":33},"end":{"line":185,"column":55}},"64":{"start":{"line":186,"column":32},"end":{"line":186,"column":61}},"65":{"start":{"line":188,"column":8},"end":{"line":188,"column":90}},"66":{"start":{"line":189,"column":8},"end":{"line":189,"column":103}},"67":{"start":{"line":199,"column":21},"end":{"line":199,"column":35}},"68":{"start":{"line":200,"column":24},"end":{"line":200,"column":53}},"69":{"start":{"line":201,"column":29},"end":{"line":201,"column":54}},"70":{"start":{"line":202,"column":4},"end":{"line":202,"column":28}},"71":{"start":{"line":209,"column":30},"end":{"line":226,"column":2}},"72":{"start":{"line":209,"column":41},"end":{"line":226,"column":2}},"73":{"start":{"line":210,"column":4},"end":{"line":225,"column":7}},"74":{"start":{"line":210,"column":79},"end":{"line":225,"column":6}},"75":{"start":{"line":211,"column":8},"end":{"line":224,"column":9}},"76":{"start":{"line":212,"column":32},"end":{"line":212,"column":55}},"77":{"start":{"line":213,"column":32},"end":{"line":213,"column":48}},"78":{"start":{"line":215,"column":33},"end":{"line":215,"column":80}},"79":{"start":{"line":216,"column":33},"end":{"line":216,"column":50}},"80":{"start":{"line":217,"column":35},"end":{"line":217,"column":84}},"81":{"start":{"line":219,"column":12},"end":{"line":219,"column":91}},"82":{"start":{"line":221,"column":12},"end":{"line":221,"column":53}},"83":{"start":{"line":223,"column":12},"end":{"line":223,"column":23}},"84":{"start":{"line":209,"column":13},"end":{"line":209,"column":30}}},"fnMap":{"0":{"name":"(anonymous_8)","decl":{"start":{"line":13,"column":17},"end":{"line":13,"column":26}},"loc":{"start":{"line":13,"column":28},"end":{"line":31,"column":2}}},"1":{"name":"(anonymous_9)","decl":{"start":{"line":13,"column":28},"end":{"line":13,"column":null}},"loc":{"start":{"line":13,"column":28},"end":{"line":31,"column":1}}},"2":{"name":"(anonymous_10)","decl":{"start":{"line":39,"column":24},"end":{"line":39,"column":31}},"loc":{"start":{"line":39,"column":75},"end":{"line":59,"column":2}}},"3":{"name":"(anonymous_11)","decl":{"start":{"line":39,"column":75},"end":{"line":39,"column":null}},"loc":{"start":{"line":39,"column":75},"end":{"line":59,"column":1}}},"4":{"name":"(anonymous_12)","decl":{"start":{"line":67,"column":26},"end":{"line":67,"column":33}},"loc":{"start":{"line":67,"column":77},"end":{"line":90,"column":2}}},"5":{"name":"(anonymous_13)","decl":{"start":{"line":67,"column":77},"end":{"line":67,"column":null}},"loc":{"start":{"line":67,"column":77},"end":{"line":90,"column":1}}},"6":{"name":"(anonymous_14)","decl":{"start":{"line":97,"column":31},"end":{"line":97,"column":32}},"loc":{"start":{"line":97,"column":46},"end":{"line":100,"column":1}}},"7":{"name":"(anonymous_15)","decl":{"start":{"line":98,"column":76},"end":{"line":98,"column":77}},"loc":{"start":{"line":98,"column":93},"end":{"line":98,"column":104}}},"8":{"name":"addTrackToSongDb","decl":{"start":{"line":111,"column":9},"end":{"line":111,"column":25}},"loc":{"start":{"line":111,"column":142},"end":{"line":126,"column":1}}},"9":{"name":"addTrackToPlaylist","decl":{"start":{"line":138,"column":9},"end":{"line":138,"column":27}},"loc":{"start":{"line":138,"column":163},"end":{"line":161,"column":1}}},"10":{"name":"(anonymous_18)","decl":{"start":{"line":171,"column":36},"end":{"line":171,"column":37}},"loc":{"start":{"line":171,"column":134},"end":{"line":191,"column":1}}},"11":{"name":"(anonymous_19)","decl":{"start":{"line":182,"column":19},"end":{"line":182,"column":20}},"loc":{"start":{"line":182,"column":29},"end":{"line":190,"column":5}}},"12":{"name":"extractPlaylistURI","decl":{"start":{"line":198,"column":9},"end":{"line":198,"column":27}},"loc":{"start":{"line":198,"column":39},"end":{"line":203,"column":1}}},"13":{"name":"(anonymous_21)","decl":{"start":{"line":209,"column":30},"end":{"line":209,"column":39}},"loc":{"start":{"line":209,"column":41},"end":{"line":226,"column":2}}},"14":{"name":"(anonymous_22)","decl":{"start":{"line":209,"column":41},"end":{"line":209,"column":null}},"loc":{"start":{"line":209,"column":41},"end":{"line":226,"column":1}}},"15":{"name":"(anonymous_23)","decl":{"start":{"line":210,"column":57},"end":{"line":210,"column":64}},"loc":{"start":{"line":210,"column":79},"end":{"line":225,"column":6}}},"16":{"name":"(anonymous_24)","decl":{"start":{"line":210,"column":79},"end":{"line":210,"column":null}},"loc":{"start":{"line":210,"column":79},"end":{"line":225,"column":5}}}},"branchMap":{"0":{"loc":{"start":{"line":41,"column":27},"end":{"line":41,"column":70}},"type":"cond-expr","locations":[{"start":{"line":41,"column":55},"end":{"line":41,"column":57}},{"start":{"line":41,"column":55},"end":{"line":41,"column":70}}]},"1":{"loc":{"start":{"line":41,"column":27},"end":{"line":41,"column":57}},"type":"binary-expr","locations":[{"start":{"line":41,"column":27},"end":{"line":41,"column":57}},{"start":{"line":41,"column":55},"end":{"line":41,"column":57}}]},"2":{"loc":{"start":{"line":69,"column":27},"end":{"line":69,"column":70}},"type":"cond-expr","locations":[{"start":{"line":69,"column":55},"end":{"line":69,"column":57}},{"start":{"line":69,"column":55},"end":{"line":69,"column":70}}]},"3":{"loc":{"start":{"line":69,"column":27},"end":{"line":69,"column":57}},"type":"binary-expr","locations":[{"start":{"line":69,"column":27},"end":{"line":69,"column":57}},{"start":{"line":69,"column":55},"end":{"line":69,"column":57}}]},"4":{"loc":{"start":{"line":79,"column":8},"end":{"line":83,"column":9}},"type":"if","locations":[{"start":{"line":79,"column":8},"end":{"line":83,"column":9}}]},"5":{"loc":{"start":{"line":114,"column":4},"end":{"line":116,"column":5}},"type":"if","locations":[{"start":{"line":114,"column":4},"end":{"line":116,"column":5}}]},"6":{"loc":{"start":{"line":114,"column":8},"end":{"line":114,"column":68}},"type":"binary-expr","locations":[{"start":{"line":114,"column":8},"end":{"line":114,"column":38}},{"start":{"line":114,"column":42},"end":{"line":114,"column":68}}]},"7":{"loc":{"start":{"line":141,"column":4},"end":{"line":143,"column":5}},"type":"if","locations":[{"start":{"line":141,"column":4},"end":{"line":143,"column":5}}]},"8":{"loc":{"start":{"line":141,"column":8},"end":{"line":141,"column":68}},"type":"binary-expr","locations":[{"start":{"line":141,"column":8},"end":{"line":141,"column":38}},{"start":{"line":141,"column":42},"end":{"line":141,"column":68}}]},"9":{"loc":{"start":{"line":152,"column":4},"end":{"line":158,"column":5}},"type":"if","locations":[{"start":{"line":152,"column":4},"end":{"line":158,"column":5}}]},"10":{"loc":{"start":{"line":172,"column":4},"end":{"line":175,"column":5}},"type":"if","locations":[{"start":{"line":172,"column":4},"end":{"line":175,"column":5}}]},"11":{"loc":{"start":{"line":177,"column":4},"end":{"line":180,"column":5}},"type":"if","locations":[{"start":{"line":177,"column":4},"end":{"line":180,"column":5}}]}},"s":{"0":1,"1":1,"2":1,"3":1,"4":1,"5":1,"6":0,"7":0,"8":0,"9":0,"10":0,"11":0,"12":0,"13":0,"14":0,"15":1,"16":0,"17":0,"18":0,"19":0,"20":0,"21":0,"22":0,"23":0,"24":1,"25":0,"26":0,"27":0,"28":0,"29":0,"30":0,"31":0,"32":0,"33":0,"34":0,"35":0,"36":0,"37":1,"38":0,"39":0,"40":0,"41":0,"42":0,"43":0,"44":0,"45":0,"46":0,"47":0,"48":0,"49":0,"50":0,"51":0,"52":0,"53":1,"54":0,"55":0,"56":0,"57":0,"58":0,"59":0,"60":0,"61":0,"62":0,"63":0,"64":0,"65":0,"66":0,"67":0,"68":0,"69":0,"70":0,"71":1,"72":0,"73":0,"74":0,"75":0,"76":0,"77":0,"78":0,"79":0,"80":0,"81":0,"82":0,"83":0,"84":1},"f":{"0":0,"1":0,"2":0,"3":0,"4":0,"5":0,"6":0,"7":0,"8":0,"9":0,"10":0,"11":0,"12":0,"13":0,"14":0,"15":0,"16":0},"b":{"0":[0,0],"1":[0,0],"2":[0,0],"3":[0,0],"4":[0],"5":[0],"6":[0,0],"7":[0],"8":[0,0],"9":[0],"10":[0],"11":[0]}}
,"C:\\Users\\sblom\\PKD\\musikhanterare3001\\src\\types and constants.ts": {"path":"C:\\Users\\sblom\\PKD\\musikhanterare3001\\src\\types and constants.ts","statementMap":{"0":{"start":{"line":1,"column":0},"end":{"line":1,"column":37}},"1":{"start":{"line":2,"column":0},"end":{"line":2,"column":29}},"2":{"start":{"line":3,"column":0},"end":{"line":3,"column":25}},"3":{"start":{"line":41,"column":23},"end":{"line":41,"column":57}},"4":{"start":{"line":42,"column":24},"end":{"line":42,"column":69}},"5":{"start":{"line":43,"column":20},"end":{"line":43,"column":61}},"6":{"start":{"line":50,"column":4},"end":{"line":56,"column":5}},"7":{"start":{"line":51,"column":21},"end":{"line":51,"column":57}},"8":{"start":{"line":52,"column":8},"end":{"line":52,"column":48}},"9":{"start":{"line":54,"column":8},"end":{"line":54,"column":53}},"10":{"start":{"line":55,"column":8},"end":{"line":55,"column":29}},"11":{"start":{"line":49,"column":0},"end":{"line":49,"column":16}},"12":{"start":{"line":64,"column":1},"end":{"line":70,"column":2}},"13":{"start":{"line":65,"column":15},"end":{"line":65,"column":55}},"14":{"start":{"line":66,"column":2},"end":{"line":66,"column":42}},"15":{"start":{"line":68,"column":2},"end":{"line":68,"column":51}},"16":{"start":{"line":69,"column":2},"end":{"line":69,"column":12}},"17":{"start":{"line":63,"column":0},"end":{"line":63,"column":16}},"18":{"start":{"line":77,"column":13},"end":{"line":77,"column":55}},"19":{"start":{"line":83,"column":13},"end":{"line":83,"column":50}},"20":{"start":{"line":88,"column":13},"end":{"line":88,"column":48}},"21":{"start":{"line":93,"column":13},"end":{"line":96,"column":3}}},"fnMap":{"0":{"name":"loadSongs","decl":{"start":{"line":49,"column":16},"end":{"line":49,"column":25}},"loc":{"start":{"line":49,"column":25},"end":{"line":57,"column":1}}},"1":{"name":"loadPlaylists","decl":{"start":{"line":63,"column":16},"end":{"line":63,"column":29}},"loc":{"start":{"line":63,"column":29},"end":{"line":71,"column":1}}}},"branchMap":{},"s":{"0":1,"1":1,"2":1,"3":1,"4":1,"5":1,"6":2,"7":2,"8":2,"9":0,"10":0,"11":1,"12":2,"13":2,"14":2,"15":0,"16":0,"17":1,"18":1,"19":1,"20":1,"21":1},"f":{"0":2,"1":2},"b":{}}
,"C:\\Users\\sblom\\PKD\\musikhanterare3001\\src\\controllers\\helperFunctions.ts": {"path":"C:\\Users\\sblom\\PKD\\musikhanterare3001\\src\\controllers\\helperFunctions.ts","statementMap":{"0":{"start":{"line":1,"column":0},"end":{"line":1,"column":88}},"1":{"start":{"line":12,"column":4},"end":{"line":12,"column":75}},"2":{"start":{"line":11,"column":0},"end":{"line":11,"column":16}},"3":{"start":{"line":22,"column":4},"end":{"line":22,"column":65}},"4":{"start":{"line":21,"column":0},"end":{"line":21,"column":16}},"5":{"start":{"line":32,"column":4},"end":{"line":32,"column":41}},"6":{"start":{"line":31,"column":0},"end":{"line":31,"column":16}},"7":{"start":{"line":42,"column":34},"end":{"line":46,"column":6}},"8":{"start":{"line":47,"column":4},"end":{"line":47,"column":42}},"9":{"start":{"line":41,"column":0},"end":{"line":41,"column":16}},"10":{"start":{"line":56,"column":4},"end":{"line":58,"column":5}},"11":{"start":{"line":56,"column":17},"end":{"line":56,"column":18}},"12":{"start":{"line":57,"column":8},"end":{"line":57,"column":70}},"13":{"start":{"line":55,"column":0},"end":{"line":55,"column":16}},"14":{"start":{"line":67,"column":4},"end":{"line":69,"column":5}},"15":{"start":{"line":67,"column":17},"end":{"line":67,"column":18}},"16":{"start":{"line":68,"column":8},"end":{"line":68,"column":81}},"17":{"start":{"line":66,"column":0},"end":{"line":66,"column":16}},"18":{"start":{"line":78,"column":4},"end":{"line":78,"column":40}},"19":{"start":{"line":79,"column":4},"end":{"line":81,"column":7}},"20":{"start":{"line":80,"column":8},"end":{"line":80,"column":55}},"21":{"start":{"line":77,"column":0},"end":{"line":77,"column":16}},"22":{"start":{"line":91,"column":32},"end":{"line":91,"column":63}},"23":{"start":{"line":93,"column":4},"end":{"line":95,"column":5}},"24":{"start":{"line":94,"column":8},"end":{"line":94,"column":18}},"25":{"start":{"line":97,"column":39},"end":{"line":97,"column":41}},"26":{"start":{"line":99,"column":4},"end":{"line":113,"column":5}},"27":{"start":{"line":100,"column":21},"end":{"line":100,"column":47}},"28":{"start":{"line":101,"column":31},"end":{"line":101,"column":55}},"29":{"start":{"line":102,"column":32},"end":{"line":102,"column":57}},"30":{"start":{"line":104,"column":8},"end":{"line":112,"column":9}},"31":{"start":{"line":108,"column":16},"end":{"line":108,"column":72}},"32":{"start":{"line":111,"column":12},"end":{"line":111,"column":37}},"33":{"start":{"line":115,"column":4},"end":{"line":115,"column":25}},"34":{"start":{"line":90,"column":0},"end":{"line":90,"column":16}},"35":{"start":{"line":126,"column":24},"end":{"line":138,"column":5}},"36":{"start":{"line":127,"column":8},"end":{"line":137,"column":11}},"37":{"start":{"line":128,"column":31},"end":{"line":128,"column":44}},"38":{"start":{"line":129,"column":34},"end":{"line":129,"column":78}},"39":{"start":{"line":131,"column":12},"end":{"line":136,"column":13}},"40":{"start":{"line":132,"column":16},"end":{"line":132,"column":79}},"41":{"start":{"line":133,"column":16},"end":{"line":133,"column":30}},"42":{"start":{"line":135,"column":16},"end":{"line":135,"column":40}},"43":{"start":{"line":140,"column":4},"end":{"line":140,"column":18}},"44":{"start":{"line":125,"column":0},"end":{"line":125,"column":16}}},"fnMap":{"0":{"name":"isValidSongIndex","decl":{"start":{"line":11,"column":16},"end":{"line":11,"column":32}},"loc":{"start":{"line":11,"column":70},"end":{"line":13,"column":1}}},"1":{"name":"isValidPlaylistIndex","decl":{"start":{"line":21,"column":16},"end":{"line":21,"column":36}},"loc":{"start":{"line":21,"column":74},"end":{"line":23,"column":1}}},"2":{"name":"isPlaylistNameTaken","decl":{"start":{"line":31,"column":16},"end":{"line":31,"column":35}},"loc":{"start":{"line":31,"column":73},"end":{"line":33,"column":1}}},"3":{"name":"createNewPlaylist","decl":{"start":{"line":41,"column":16},"end":{"line":41,"column":33}},"loc":{"start":{"line":41,"column":79},"end":{"line":48,"column":1}}},"4":{"name":"printSongs","decl":{"start":{"line":55,"column":16},"end":{"line":55,"column":26}},"loc":{"start":{"line":55,"column":49},"end":{"line":59,"column":1}}},"5":{"name":"printSongsIndex","decl":{"start":{"line":66,"column":16},"end":{"line":66,"column":31}},"loc":{"start":{"line":66,"column":54},"end":{"line":70,"column":1}}},"6":{"name":"printPlaylists","decl":{"start":{"line":77,"column":16},"end":{"line":77,"column":30}},"loc":{"start":{"line":77,"column":54},"end":{"line":82,"column":1}}},"7":{"name":"(anonymous_7)","decl":{"start":{"line":79,"column":37},"end":{"line":79,"column":38}},"loc":{"start":{"line":79,"column":57},"end":{"line":81,"column":5}}},"8":{"name":"searchSongDatabase","decl":{"start":{"line":90,"column":16},"end":{"line":90,"column":34}},"loc":{"start":{"line":90,"column":81},"end":{"line":116,"column":1}}},"9":{"name":"(anonymous_9)","decl":{"start":{"line":107,"column":36},"end":{"line":107,"column":48}},"loc":{"start":{"line":108,"column":16},"end":{"line":108,"column":72}}},"10":{"name":"findMatchingSongs","decl":{"start":{"line":125,"column":16},"end":{"line":125,"column":33}},"loc":{"start":{"line":125,"column":108},"end":{"line":141,"column":1}}},"11":{"name":"(anonymous_11)","decl":{"start":{"line":126,"column":24},"end":{"line":126,"column":27}},"loc":{"start":{"line":126,"column":29},"end":{"line":138,"column":5}}},"12":{"name":"(anonymous_12)","decl":{"start":{"line":127,"column":45},"end":{"line":127,"column":46}},"loc":{"start":{"line":127,"column":70},"end":{"line":137,"column":9}}}},"branchMap":{"0":{"loc":{"start":{"line":12,"column":11},"end":{"line":12,"column":74}},"type":"binary-expr","locations":[{"start":{"line":12,"column":11},"end":{"line":12,"column":28}},{"start":{"line":12,"column":32},"end":{"line":12,"column":45}},{"start":{"line":12,"column":49},"end":{"line":12,"column":74}}]},"1":{"loc":{"start":{"line":22,"column":11},"end":{"line":22,"column":64}},"type":"binary-expr","locations":[{"start":{"line":22,"column":11},"end":{"line":22,"column":24}},{"start":{"line":22,"column":28},"end":{"line":22,"column":37}},{"start":{"line":22,"column":41},"end":{"line":22,"column":64}}]},"2":{"loc":{"start":{"line":93,"column":4},"end":{"line":95,"column":5}},"type":"if","locations":[{"start":{"line":93,"column":4},"end":{"line":95,"column":5}}]},"3":{"loc":{"start":{"line":104,"column":8},"end":{"line":112,"column":9}},"type":"if","locations":[{"start":{"line":104,"column":8},"end":{"line":112,"column":9}}]},"4":{"loc":{"start":{"line":105,"column":12},"end":{"line":108,"column":null}},"type":"binary-expr","locations":[{"start":{"line":105,"column":12},"end":{"line":105,"column":67}},{"start":{"line":106,"column":12},"end":{"line":106,"column":57}},{"start":{"line":107,"column":12},"end":{"line":108,"column":null}}]},"5":{"loc":{"start":{"line":131,"column":12},"end":{"line":136,"column":13}},"type":"if","locations":[{"start":{"line":131,"column":12},"end":{"line":136,"column":13}},{"start":{"line":134,"column":19},"end":{"line":136,"column":13}}]}},"s":{"0":1,"1":0,"2":1,"3":0,"4":1,"5":0,"6":1,"7":0,"8":0,"9":1,"10":0,"11":0,"12":0,"13":1,"14":0,"15":0,"16":0,"17":1,"18":0,"19":0,"20":0,"21":1,"22":5,"23":5,"24":1,"25":4,"26":4,"27":15,"28":15,"29":15,"30":15,"31":3,"32":5,"33":4,"34":1,"35":0,"36":0,"37":0,"38":0,"39":0,"40":0,"41":0,"42":0,"43":0,"44":1},"f":{"0":0,"1":0,"2":0,"3":0,"4":0,"5":0,"6":0,"7":0,"8":5,"9":3,"10":0,"11":0,"12":0},"b":{"0":[0,0,0],"1":[0,0,0],"2":[1],"3":[5],"4":[15,14,11],"5":[0,0]}}
,"C:\\Users\\sblom\\PKD\\musikhanterare3001\\src\\controllers\\playControllers.ts": {"path":"C:\\Users\\sblom\\PKD\\musikhanterare3001\\src\\controllers\\playControllers.ts","statementMap":{"0":{"start":{"line":1,"column":0},"end":{"line":1,"column":74}},"1":{"start":{"line":2,"column":0},"end":{"line":2,"column":39}},"2":{"start":{"line":3,"column":0},"end":{"line":3,"column":70}},"3":{"start":{"line":11,"column":22},"end":{"line":11,"column":38}},"4":{"start":{"line":13,"column":4},"end":{"line":16,"column":5}},"5":{"start":{"line":14,"column":8},"end":{"line":14,"column":42}},"6":{"start":{"line":15,"column":8},"end":{"line":15,"column":15}},"7":{"start":{"line":18,"column":24},"end":{"line":18,"column":32}},"8":{"start":{"line":19,"column":4},"end":{"line":19,"column":77}},"9":{"start":{"line":20,"column":4},"end":{"line":20,"column":42}},"10":{"start":{"line":10,"column":0},"end":{"line":10,"column":16}},"11":{"start":{"line":24,"column":4},"end":{"line":24,"column":35}},"12":{"start":{"line":25,"column":4},"end":{"line":25,"column":35}},"13":{"start":{"line":23,"column":0},"end":{"line":23,"column":16}},"14":{"start":{"line":34,"column":22},"end":{"line":34,"column":38}},"15":{"start":{"line":36,"column":4},"end":{"line":40,"column":5}},"16":{"start":{"line":37,"column":8},"end":{"line":37,"column":42}},"17":{"start":{"line":38,"column":8},"end":{"line":38,"column":39}},"18":{"start":{"line":39,"column":8},"end":{"line":39,"column":15}},"19":{"start":{"line":42,"column":4},"end":{"line":42,"column":27}},"20":{"start":{"line":44,"column":4},"end":{"line":56,"column":7}},"21":{"start":{"line":45,"column":26},"end":{"line":45,"column":42}},"22":{"start":{"line":47,"column":8},"end":{"line":55,"column":9}},"23":{"start":{"line":48,"column":32},"end":{"line":48,"column":52}},"24":{"start":{"line":49,"column":12},"end":{"line":49,"column":85}},"25":{"start":{"line":50,"column":12},"end":{"line":50,"column":62}},"26":{"start":{"line":51,"column":12},"end":{"line":51,"column":43}},"27":{"start":{"line":53,"column":12},"end":{"line":53,"column":66}},"28":{"start":{"line":54,"column":12},"end":{"line":54,"column":47}},"29":{"start":{"line":33,"column":0},"end":{"line":33,"column":16}},"30":{"start":{"line":66,"column":40},"end":{"line":66,"column":56}},"31":{"start":{"line":67,"column":26},"end":{"line":67,"column":35}},"32":{"start":{"line":69,"column":4},"end":{"line":82,"column":5}},"33":{"start":{"line":70,"column":8},"end":{"line":70,"column":66}},"34":{"start":{"line":71,"column":28},"end":{"line":71,"column":46}},"35":{"start":{"line":72,"column":8},"end":{"line":72,"column":32}},"36":{"start":{"line":73,"column":8},"end":{"line":73,"column":81}},"37":{"start":{"line":74,"column":11},"end":{"line":82,"column":5}},"38":{"start":{"line":75,"column":8},"end":{"line":75,"column":42}},"39":{"start":{"line":77,"column":25},"end":{"line":77,"column":87}},"40":{"start":{"line":78,"column":8},"end":{"line":78,"column":53}},"41":{"start":{"line":80,"column":28},"end":{"line":80,"column":43}},"42":{"start":{"line":81,"column":8},"end":{"line":81,"column":81}},"43":{"start":{"line":65,"column":0},"end":{"line":65,"column":16}},"44":{"start":{"line":86,"column":4},"end":{"line":86,"column":46}},"45":{"start":{"line":87,"column":4},"end":{"line":87,"column":null}},"46":{"start":{"line":85,"column":0},"end":{"line":85,"column":16}},"47":{"start":{"line":96,"column":40},"end":{"line":96,"column":56}},"48":{"start":{"line":98,"column":4},"end":{"line":101,"column":5}},"49":{"start":{"line":99,"column":8},"end":{"line":99,"column":42}},"50":{"start":{"line":100,"column":8},"end":{"line":100,"column":15}},"51":{"start":{"line":103,"column":4},"end":{"line":106,"column":5}},"52":{"start":{"line":104,"column":8},"end":{"line":104,"column":59}},"53":{"start":{"line":105,"column":8},"end":{"line":105,"column":15}},"54":{"start":{"line":110,"column":4},"end":{"line":114,"column":5}},"55":{"start":{"line":111,"column":8},"end":{"line":111,"column":36}},"56":{"start":{"line":113,"column":8},"end":{"line":113,"column":40}},"57":{"start":{"line":116,"column":25},"end":{"line":116,"column":40}},"58":{"start":{"line":117,"column":4},"end":{"line":117,"column":79}},"59":{"start":{"line":118,"column":4},"end":{"line":118,"column":49}},"60":{"start":{"line":95,"column":0},"end":{"line":95,"column":16}},"61":{"start":{"line":123,"column":1},"end":{"line":123,"column":36}},"62":{"start":{"line":124,"column":4},"end":{"line":124,"column":35}},"63":{"start":{"line":122,"column":0},"end":{"line":122,"column":16}},"64":{"start":{"line":133,"column":22},"end":{"line":133,"column":38}},"65":{"start":{"line":135,"column":4},"end":{"line":138,"column":5}},"66":{"start":{"line":136,"column":8},"end":{"line":136,"column":42}},"67":{"start":{"line":137,"column":8},"end":{"line":137,"column":15}},"68":{"start":{"line":140,"column":24},"end":{"line":140,"column":64}},"69":{"start":{"line":141,"column":4},"end":{"line":141,"column":52}},"70":{"start":{"line":143,"column":24},"end":{"line":143,"column":42}},"71":{"start":{"line":144,"column":4},"end":{"line":144,"column":77}},"72":{"start":{"line":132,"column":0},"end":{"line":132,"column":16}},"73":{"start":{"line":148,"column":4},"end":{"line":148,"column":34}},"74":{"start":{"line":149,"column":4},"end":{"line":149,"column":35}},"75":{"start":{"line":147,"column":0},"end":{"line":147,"column":16}}},"fnMap":{"0":{"name":"playPlaylist","decl":{"start":{"line":10,"column":16},"end":{"line":10,"column":28}},"loc":{"start":{"line":10,"column":55},"end":{"line":21,"column":1}}},"1":{"name":"playPlaylistCallback","decl":{"start":{"line":23,"column":16},"end":{"line":23,"column":36}},"loc":{"start":{"line":23,"column":63},"end":{"line":26,"column":1}}},"2":{"name":"playSpecificSong","decl":{"start":{"line":33,"column":16},"end":{"line":33,"column":32}},"loc":{"start":{"line":33,"column":59},"end":{"line":57,"column":1}}},"3":{"name":"(anonymous_3)","decl":{"start":{"line":44,"column":67},"end":{"line":44,"column":68}},"loc":{"start":{"line":44,"column":92},"end":{"line":56,"column":5}}},"4":{"name":"playNextSong","decl":{"start":{"line":65,"column":16},"end":{"line":65,"column":28}},"loc":{"start":{"line":65,"column":80},"end":{"line":83,"column":1}}},"5":{"name":"playNextSongCallback","decl":{"start":{"line":85,"column":16},"end":{"line":85,"column":36}},"loc":{"start":{"line":85,"column":88},"end":{"line":88,"column":1}}},"6":{"name":"playPreviousSong","decl":{"start":{"line":95,"column":16},"end":{"line":95,"column":32}},"loc":{"start":{"line":95,"column":59},"end":{"line":119,"column":1}}},"7":{"name":"playPreviousSongCallback","decl":{"start":{"line":122,"column":16},"end":{"line":122,"column":40}},"loc":{"start":{"line":122,"column":67},"end":{"line":125,"column":1}}},"8":{"name":"shuffleSong","decl":{"start":{"line":132,"column":16},"end":{"line":132,"column":27}},"loc":{"start":{"line":132,"column":54},"end":{"line":145,"column":1}}},"9":{"name":"shuffleSongCallback","decl":{"start":{"line":147,"column":16},"end":{"line":147,"column":35}},"loc":{"start":{"line":147,"column":62},"end":{"line":150,"column":1}}}},"branchMap":{"0":{"loc":{"start":{"line":13,"column":4},"end":{"line":16,"column":5}},"type":"if","locations":[{"start":{"line":13,"column":4},"end":{"line":16,"column":5}}]},"1":{"loc":{"start":{"line":36,"column":4},"end":{"line":40,"column":5}},"type":"if","locations":[{"start":{"line":36,"column":4},"end":{"line":40,"column":5}}]},"2":{"loc":{"start":{"line":47,"column":8},"end":{"line":55,"column":9}},"type":"if","locations":[{"start":{"line":47,"column":8},"end":{"line":55,"column":9}},{"start":{"line":52,"column":15},"end":{"line":55,"column":9}}]},"3":{"loc":{"start":{"line":69,"column":4},"end":{"line":82,"column":5}},"type":"if","locations":[{"start":{"line":69,"column":4},"end":{"line":82,"column":5}},{"start":{"line":74,"column":11},"end":{"line":82,"column":5}}]},"4":{"loc":{"start":{"line":74,"column":11},"end":{"line":82,"column":5}},"type":"if","locations":[{"start":{"line":74,"column":11},"end":{"line":82,"column":5}},{"start":{"line":76,"column":11},"end":{"line":82,"column":5}}]},"5":{"loc":{"start":{"line":77,"column":25},"end":{"line":77,"column":87}},"type":"cond-expr","locations":[{"start":{"line":77,"column":63},"end":{"line":77,"column":83}},{"start":{"line":77,"column":86},"end":{"line":77,"column":87}}]},"6":{"loc":{"start":{"line":98,"column":4},"end":{"line":101,"column":5}},"type":"if","locations":[{"start":{"line":98,"column":4},"end":{"line":101,"column":5}}]},"7":{"loc":{"start":{"line":103,"column":4},"end":{"line":106,"column":5}},"type":"if","locations":[{"start":{"line":103,"column":4},"end":{"line":106,"column":5}}]},"8":{"loc":{"start":{"line":110,"column":4},"end":{"line":114,"column":5}},"type":"if","locations":[{"start":{"line":110,"column":4},"end":{"line":114,"column":5}},{"start":{"line":112,"column":11},"end":{"line":114,"column":5}}]},"9":{"loc":{"start":{"line":135,"column":4},"end":{"line":138,"column":5}},"type":"if","locations":[{"start":{"line":135,"column":4},"end":{"line":138,"column":5}}]}},"s":{"0":1,"1":1,"2":1,"3":2,"4":2,"5":0,"6":0,"7":2,"8":2,"9":2,"10":1,"11":0,"12":0,"13":1,"14":0,"15":0,"16":0,"17":0,"18":0,"19":0,"20":0,"21":0,"22":0,"23":0,"24":0,"25":0,"26":0,"27":0,"28":0,"29":1,"30":4,"31":4,"32":4,"33":1,"34":1,"35":1,"36":1,"37":3,"38":1,"39":2,"40":2,"41":2,"42":2,"43":1,"44":0,"45":0,"46":1,"47":2,"48":2,"49":1,"50":1,"51":1,"52":0,"53":0,"54":1,"55":1,"56":0,"57":1,"58":1,"59":1,"60":1,"61":0,"62":0,"63":1,"64":1,"65":1,"66":1,"67":1,"68":0,"69":0,"70":0,"71":0,"72":1,"73":0,"74":0,"75":1},"f":{"0":2,"1":0,"2":0,"3":0,"4":4,"5":0,"6":2,"7":0,"8":1,"9":0},"b":{"0":[0],"1":[0],"2":[0,0],"3":[1,3],"4":[1,2],"5":[1,1],"6":[1],"7":[0],"8":[1,0],"9":[1]}}
,"C:\\Users\\sblom\\PKD\\musikhanterare3001\\src\\controllers\\playlistControllers.ts": {"path":"C:\\Users\\sblom\\PKD\\musikhanterare3001\\src\\controllers\\playlistControllers.ts","statementMap":{"0":{"start":{"line":1,"column":0},"end":{"line":1,"column":74}},"1":{"start":{"line":2,"column":0},"end":{"line":2,"column":101}},"2":{"start":{"line":3,"column":0},"end":{"line":3,"column":39}},"3":{"start":{"line":13,"column":22},"end":{"line":13,"column":31}},"4":{"start":{"line":15,"column":4},"end":{"line":19,"column":5}},"5":{"start":{"line":16,"column":8},"end":{"line":16,"column":31}},"6":{"start":{"line":18,"column":8},"end":{"line":18,"column":null}},"7":{"start":{"line":12,"column":0},"end":{"line":12,"column":16}},"8":{"start":{"line":23,"column":4},"end":{"line":23,"column":43}},"9":{"start":{"line":24,"column":4},"end":{"line":24,"column":35}},"10":{"start":{"line":22,"column":0},"end":{"line":22,"column":16}},"11":{"start":{"line":35,"column":39},"end":{"line":35,"column":41}},"12":{"start":{"line":37,"column":4},"end":{"line":57,"column":7}},"13":{"start":{"line":38,"column":8},"end":{"line":38,"column":45}},"14":{"start":{"line":40,"column":8},"end":{"line":42,"column":9}},"15":{"start":{"line":41,"column":12},"end":{"line":41,"column":41}},"16":{"start":{"line":44,"column":8},"end":{"line":44,"column":39}},"17":{"start":{"line":45,"column":8},"end":{"line":45,"column":39}},"18":{"start":{"line":47,"column":8},"end":{"line":56,"column":11}},"19":{"start":{"line":48,"column":30},"end":{"line":48,"column":46}},"20":{"start":{"line":50,"column":12},"end":{"line":55,"column":13}},"21":{"start":{"line":51,"column":16},"end":{"line":51,"column":92}},"22":{"start":{"line":53,"column":16},"end":{"line":53,"column":69}},"23":{"start":{"line":54,"column":16},"end":{"line":54,"column":72}},"24":{"start":{"line":34,"column":0},"end":{"line":34,"column":16}},"25":{"start":{"line":61,"column":4},"end":{"line":61,"column":62}},"26":{"start":{"line":62,"column":4},"end":{"line":62,"column":33}},"27":{"start":{"line":73,"column":25},"end":{"line":73,"column":54}},"28":{"start":{"line":74,"column":4},"end":{"line":74,"column":46}},"29":{"start":{"line":75,"column":4},"end":{"line":75,"column":106}},"30":{"start":{"line":72,"column":0},"end":{"line":72,"column":16}},"31":{"start":{"line":84,"column":28},"end":{"line":84,"column":44}},"32":{"start":{"line":86,"column":4},"end":{"line":90,"column":5}},"33":{"start":{"line":87,"column":8},"end":{"line":87,"column":50}},"34":{"start":{"line":88,"column":8},"end":{"line":88,"column":39}},"35":{"start":{"line":89,"column":8},"end":{"line":89,"column":15}},"36":{"start":{"line":92,"column":4},"end":{"line":92,"column":46}},"37":{"start":{"line":93,"column":4},"end":{"line":93,"column":27}},"38":{"start":{"line":95,"column":4},"end":{"line":104,"column":7}},"39":{"start":{"line":96,"column":26},"end":{"line":96,"column":42}},"40":{"start":{"line":98,"column":8},"end":{"line":103,"column":9}},"41":{"start":{"line":99,"column":12},"end":{"line":99,"column":66}},"42":{"start":{"line":101,"column":12},"end":{"line":101,"column":65}},"43":{"start":{"line":102,"column":12},"end":{"line":102,"column":41}},"44":{"start":{"line":83,"column":0},"end":{"line":83,"column":16}},"45":{"start":{"line":108,"column":4},"end":{"line":108,"column":50}},"46":{"start":{"line":109,"column":4},"end":{"line":109,"column":null}},"47":{"start":{"line":119,"column":40},"end":{"line":119,"column":56}},"48":{"start":{"line":121,"column":4},"end":{"line":121,"column":35}},"49":{"start":{"line":123,"column":4},"end":{"line":125,"column":5}},"50":{"start":{"line":124,"column":8},"end":{"line":124,"column":78}},"51":{"start":{"line":118,"column":0},"end":{"line":118,"column":16}}},"fnMap":{"0":{"name":"viewQueue","decl":{"start":{"line":12,"column":16},"end":{"line":12,"column":25}},"loc":{"start":{"line":12,"column":73},"end":{"line":20,"column":1}}},"1":{"name":"viewQueueCallback","decl":{"start":{"line":22,"column":16},"end":{"line":22,"column":33}},"loc":{"start":{"line":22,"column":81},"end":{"line":25,"column":1}}},"2":{"name":"addSong","decl":{"start":{"line":34,"column":16},"end":{"line":34,"column":23}},"loc":{"start":{"line":34,"column":104},"end":{"line":58,"column":1}}},"3":{"name":"(anonymous_3)","decl":{"start":{"line":37,"column":36},"end":{"line":37,"column":37}},"loc":{"start":{"line":37,"column":62},"end":{"line":57,"column":5}}},"4":{"name":"(anonymous_4)","decl":{"start":{"line":47,"column":70},"end":{"line":47,"column":71}},"loc":{"start":{"line":47,"column":95},"end":{"line":56,"column":9}}},"5":{"name":"addSongCallback","decl":{"start":{"line":60,"column":9},"end":{"line":60,"column":24}},"loc":{"start":{"line":60,"column":124},"end":{"line":63,"column":1}}},"6":{"name":"addSongHelper","decl":{"start":{"line":72,"column":16},"end":{"line":72,"column":29}},"loc":{"start":{"line":72,"column":104},"end":{"line":76,"column":1}}},"7":{"name":"removeSong","decl":{"start":{"line":83,"column":16},"end":{"line":83,"column":26}},"loc":{"start":{"line":83,"column":53},"end":{"line":105,"column":1}}},"8":{"name":"(anonymous_8)","decl":{"start":{"line":95,"column":68},"end":{"line":95,"column":69}},"loc":{"start":{"line":95,"column":93},"end":{"line":104,"column":5}}},"9":{"name":"removeSongHelperCallback","decl":{"start":{"line":107,"column":9},"end":{"line":107,"column":33}},"loc":{"start":{"line":107,"column":79},"end":{"line":110,"column":1}}},"10":{"name":"removeSongHelper","decl":{"start":{"line":118,"column":16},"end":{"line":118,"column":32}},"loc":{"start":{"line":118,"column":78},"end":{"line":126,"column":1}}}},"branchMap":{"0":{"loc":{"start":{"line":15,"column":4},"end":{"line":19,"column":5}},"type":"if","locations":[{"start":{"line":15,"column":4},"end":{"line":19,"column":5}},{"start":{"line":17,"column":11},"end":{"line":19,"column":5}}]},"1":{"loc":{"start":{"line":40,"column":8},"end":{"line":42,"column":9}},"type":"if","locations":[{"start":{"line":40,"column":8},"end":{"line":42,"column":9}}]},"2":{"loc":{"start":{"line":50,"column":12},"end":{"line":55,"column":13}},"type":"if","locations":[{"start":{"line":50,"column":12},"end":{"line":55,"column":13}},{"start":{"line":52,"column":19},"end":{"line":55,"column":13}}]},"3":{"loc":{"start":{"line":86,"column":4},"end":{"line":90,"column":5}},"type":"if","locations":[{"start":{"line":86,"column":4},"end":{"line":90,"column":5}}]},"4":{"loc":{"start":{"line":98,"column":8},"end":{"line":103,"column":9}},"type":"if","locations":[{"start":{"line":98,"column":8},"end":{"line":103,"column":9}},{"start":{"line":100,"column":15},"end":{"line":103,"column":9}}]},"5":{"loc":{"start":{"line":123,"column":4},"end":{"line":125,"column":5}},"type":"if","locations":[{"start":{"line":123,"column":4},"end":{"line":125,"column":5}}]}},"s":{"0":1,"1":1,"2":1,"3":0,"4":0,"5":0,"6":0,"7":1,"8":0,"9":0,"10":1,"11":0,"12":0,"13":0,"14":0,"15":0,"16":0,"17":0,"18":0,"19":0,"20":0,"21":0,"22":0,"23":0,"24":1,"25":0,"26":0,"27":2,"28":2,"29":2,"30":1,"31":0,"32":0,"33":0,"34":0,"35":0,"36":0,"37":0,"38":0,"39":0,"40":0,"41":0,"42":0,"43":0,"44":1,"45":0,"46":0,"47":1,"48":1,"49":1,"50":0,"51":1},"f":{"0":0,"1":0,"2":0,"3":0,"4":0,"5":0,"6":2,"7":0,"8":0,"9":0,"10":1},"b":{"0":[0,0],"1":[0],"2":[0,0],"3":[0],"4":[0,0],"5":[0]}}
}
