TN:
SF:src\menu.ts
FN:12,mainMenu
FN:16,(anonymous_1)
FN:36,choosePlaylistMenu
FN:46,(anonymous_3)
FN:68,playlistMenu
FN:81,(anonymous_5)
FN:115,makePlaylistMenu
FN:116,(anonymous_7)
FNF:8
FNH:0
FNDA:0,mainMenu
FNDA:0,(anonymous_1)
FNDA:0,choosePlaylistMenu
FNDA:0,(anonymous_3)
FNDA:0,playlistMenu
FNDA:0,(anonymous_5)
FNDA:0,makePlaylistMenu
FNDA:0,(anonymous_7)
DA:1,1
DA:2,1
DA:3,1
DA:4,1
DA:5,1
DA:12,1
DA:13,0
DA:14,0
DA:15,0
DA:16,0
DA:17,0
DA:18,0
DA:19,0
DA:20,0
DA:21,0
DA:22,0
DA:24,0
DA:25,0
DA:36,1
DA:37,0
DA:39,0
DA:40,0
DA:41,0
DA:44,0
DA:46,0
DA:47,0
DA:49,0
DA:50,0
DA:51,0
DA:52,0
DA:53,0
DA:54,0
DA:56,0
DA:57,0
DA:68,1
DA:69,0
DA:70,0
DA:71,0
DA:72,0
DA:73,0
DA:74,0
DA:75,0
DA:76,0
DA:77,0
DA:78,0
DA:79,0
DA:81,0
DA:82,0
DA:83,0
DA:84,0
DA:85,0
DA:86,0
DA:87,0
DA:88,0
DA:89,0
DA:90,0
DA:91,0
DA:92,0
DA:93,0
DA:94,0
DA:95,0
DA:96,0
DA:97,0
DA:98,0
DA:99,0
DA:100,0
DA:101,0
DA:103,0
DA:104,0
DA:115,1
DA:116,0
DA:117,0
DA:118,0
DA:119,0
DA:121,0
DA:122,0
LF:76
LH:9
BRDA:17,0,0,0
BRDA:17,0,1,0
BRDA:19,1,0,0
BRDA:19,1,1,0
BRDA:21,2,0,0
BRDA:21,2,1,0
BRDA:39,3,0,0
BRDA:49,4,0,0
BRDA:49,4,1,0
BRDA:82,5,0,0
BRDA:82,5,1,0
BRDA:84,6,0,0
BRDA:84,6,1,0
BRDA:86,7,0,0
BRDA:86,7,1,0
BRDA:88,8,0,0
BRDA:88,8,1,0
BRDA:90,9,0,0
BRDA:90,9,1,0
BRDA:92,10,0,0
BRDA:92,10,1,0
BRDA:94,11,0,0
BRDA:94,11,1,0
BRDA:96,12,0,0
BRDA:96,12,1,0
BRDA:98,13,0,0
BRDA:98,13,1,0
BRDA:100,14,0,0
BRDA:100,14,1,0
BRDA:117,15,0,0
BRDA:117,15,1,0
BRF:31
BRH:0
end_of_record
TN:
SF:src\spotify-api.ts
FN:13,(anonymous_8)
FN:13,(anonymous_9)
FN:39,(anonymous_10)
FN:39,(anonymous_11)
FN:67,(anonymous_12)
FN:67,(anonymous_13)
FN:97,(anonymous_14)
FN:98,(anonymous_15)
FN:111,addTrackToSongDb
FN:138,addTrackToPlaylist
FN:171,(anonymous_18)
FN:182,(anonymous_19)
FN:198,extractPlaylistURI
FN:209,(anonymous_21)
FN:209,(anonymous_22)
FN:210,(anonymous_23)
FN:210,(anonymous_24)
FNF:17
FNH:0
FNDA:0,(anonymous_8)
FNDA:0,(anonymous_9)
FNDA:0,(anonymous_10)
FNDA:0,(anonymous_11)
FNDA:0,(anonymous_12)
FNDA:0,(anonymous_13)
FNDA:0,(anonymous_14)
FNDA:0,(anonymous_15)
FNDA:0,addTrackToSongDb
FNDA:0,addTrackToPlaylist
FNDA:0,(anonymous_18)
FNDA:0,(anonymous_19)
FNDA:0,extractPlaylistURI
FNDA:0,(anonymous_21)
FNDA:0,(anonymous_22)
FNDA:0,(anonymous_23)
FNDA:0,(anonymous_24)
DA:1,1
DA:2,1
DA:3,1
DA:6,1
DA:7,1
DA:13,1
DA:14,0
DA:15,0
DA:22,0
DA:24,0
DA:25,0
DA:26,0
DA:28,0
DA:29,0
DA:39,1
DA:40,0
DA:41,0
DA:43,0
DA:49,0
DA:54,0
DA:56,0
DA:57,0
DA:67,1
DA:68,0
DA:69,0
DA:71,0
DA:77,0
DA:79,0
DA:80,0
DA:81,0
DA:82,0
DA:85,0
DA:87,0
DA:88,0
DA:97,1
DA:98,0
DA:99,0
DA:112,0
DA:114,0
DA:115,0
DA:118,0
DA:125,0
DA:139,0
DA:141,0
DA:142,0
DA:145,0
DA:152,0
DA:153,0
DA:160,0
DA:171,1
DA:172,0
DA:173,0
DA:174,0
DA:177,0
DA:178,0
DA:179,0
DA:182,0
DA:183,0
DA:184,0
DA:185,0
DA:186,0
DA:188,0
DA:189,0
DA:199,0
DA:200,0
DA:201,0
DA:202,0
DA:209,1
DA:210,0
DA:211,0
DA:212,0
DA:213,0
DA:215,0
DA:216,0
DA:217,0
DA:219,0
DA:221,0
DA:223,0
LF:78
LH:11
BRDA:41,0,0,0
BRDA:41,0,1,0
BRDA:41,1,0,0
BRDA:41,1,1,0
BRDA:69,2,0,0
BRDA:69,2,1,0
BRDA:69,3,0,0
BRDA:69,3,1,0
BRDA:79,4,0,0
BRDA:114,5,0,0
BRDA:114,6,0,0
BRDA:114,6,1,0
BRDA:141,7,0,0
BRDA:141,8,0,0
BRDA:141,8,1,0
BRDA:152,9,0,0
BRDA:172,10,0,0
BRDA:177,11,0,0
BRF:18
BRH:0
end_of_record
TN:
SF:src\types and constants.ts
FN:49,loadSongs
FN:63,loadPlaylists
FNF:2
FNH:2
FNDA:2,loadSongs
FNDA:2,loadPlaylists
DA:1,1
DA:2,1
DA:3,1
DA:41,1
DA:42,1
DA:43,1
DA:49,1
DA:50,2
DA:51,2
DA:52,2
DA:54,0
DA:55,0
DA:63,1
DA:64,2
DA:65,2
DA:66,2
DA:68,0
DA:69,0
DA:77,1
DA:83,1
DA:88,1
DA:93,1
LF:22
LH:18
BRF:0
BRH:0
end_of_record
TN:
SF:src\controllers\helperFunctions.ts
FN:11,isValidSongIndex
FN:21,isValidPlaylistIndex
FN:31,isPlaylistNameTaken
FN:41,createNewPlaylist
FN:55,printSongs
FN:66,printSongsIndex
FN:77,printPlaylists
FN:79,(anonymous_7)
FN:90,searchSongDatabase
FN:107,(anonymous_9)
FN:125,findMatchingSongs
FN:126,(anonymous_11)
FN:127,(anonymous_12)
FNF:13
FNH:2
FNDA:0,isValidSongIndex
FNDA:0,isValidPlaylistIndex
FNDA:0,isPlaylistNameTaken
FNDA:0,createNewPlaylist
FNDA:0,printSongs
FNDA:0,printSongsIndex
FNDA:0,printPlaylists
FNDA:0,(anonymous_7)
FNDA:5,searchSongDatabase
FNDA:3,(anonymous_9)
FNDA:0,findMatchingSongs
FNDA:0,(anonymous_11)
FNDA:0,(anonymous_12)
DA:1,1
DA:11,1
DA:12,0
DA:21,1
DA:22,0
DA:31,1
DA:32,0
DA:41,1
DA:42,0
DA:47,0
DA:55,1
DA:56,0
DA:57,0
DA:66,1
DA:67,0
DA:68,0
DA:77,1
DA:78,0
DA:79,0
DA:80,0
DA:90,1
DA:91,5
DA:93,5
DA:94,1
DA:97,4
DA:99,4
DA:100,15
DA:101,15
DA:102,15
DA:104,15
DA:108,3
DA:111,5
DA:115,4
DA:125,1
DA:126,0
DA:127,0
DA:128,0
DA:129,0
DA:131,0
DA:132,0
DA:133,0
DA:135,0
DA:140,0
LF:43
LH:22
BRDA:12,0,0,0
BRDA:12,0,1,0
BRDA:12,0,2,0
BRDA:22,1,0,0
BRDA:22,1,1,0
BRDA:22,1,2,0
BRDA:93,2,0,1
BRDA:104,3,0,5
BRDA:105,4,0,15
BRDA:105,4,1,14
BRDA:105,4,2,11
BRDA:131,5,0,0
BRDA:131,5,1,0
BRF:13
BRH:5
end_of_record
TN:
SF:src\controllers\playControllers.ts
FN:10,playPlaylist
FN:23,playPlaylistCallback
FN:33,playSpecificSong
FN:44,(anonymous_3)
FN:65,playNextSong
FN:85,playNextSongCallback
FN:95,playPreviousSong
FN:122,playPreviousSongCallback
FN:132,shuffleSong
FN:147,shuffleSongCallback
FNF:10
FNH:4
FNDA:2,playPlaylist
FNDA:0,playPlaylistCallback
FNDA:0,playSpecificSong
FNDA:0,(anonymous_3)
FNDA:4,playNextSong
FNDA:0,playNextSongCallback
FNDA:2,playPreviousSong
FNDA:0,playPreviousSongCallback
FNDA:1,shuffleSong
FNDA:0,shuffleSongCallback
DA:1,1
DA:2,1
DA:3,1
DA:10,1
DA:11,2
DA:13,2
DA:14,0
DA:15,0
DA:18,2
DA:19,2
DA:20,2
DA:23,1
DA:24,0
DA:25,0
DA:33,1
DA:34,0
DA:36,0
DA:37,0
DA:38,0
DA:39,0
DA:42,0
DA:44,0
DA:45,0
DA:47,0
DA:48,0
DA:49,0
DA:50,0
DA:51,0
DA:53,0
DA:54,0
DA:65,1
DA:66,4
DA:67,4
DA:69,4
DA:70,1
DA:71,1
DA:72,1
DA:73,1
DA:74,3
DA:75,1
DA:77,2
DA:78,2
DA:80,2
DA:81,2
DA:85,1
DA:86,0
DA:87,0
DA:95,1
DA:96,2
DA:98,2
DA:99,1
DA:100,1
DA:103,1
DA:104,0
DA:105,0
DA:110,1
DA:111,1
DA:113,0
DA:116,1
DA:117,1
DA:118,1
DA:122,1
DA:123,0
DA:124,0
DA:132,1
DA:133,1
DA:135,1
DA:136,1
DA:137,1
DA:140,0
DA:141,0
DA:143,0
DA:144,0
DA:147,1
DA:148,0
DA:149,0
LF:76
LH:44
BRDA:13,0,0,0
BRDA:36,1,0,0
BRDA:47,2,0,0
BRDA:47,2,1,0
BRDA:69,3,0,1
BRDA:69,3,1,3
BRDA:74,4,0,1
BRDA:74,4,1,2
BRDA:77,5,0,1
BRDA:77,5,1,1
BRDA:98,6,0,1
BRDA:103,7,0,0
BRDA:110,8,0,1
BRDA:110,8,1,0
BRDA:135,9,0,1
BRF:15
BRH:9
end_of_record
TN:
SF:src\controllers\playlistControllers.ts
FN:12,viewQueue
FN:22,viewQueueCallback
FN:34,addSong
FN:37,(anonymous_3)
FN:47,(anonymous_4)
FN:60,addSongCallback
FN:72,addSongHelper
FN:83,removeSong
FN:95,(anonymous_8)
FN:107,removeSongHelperCallback
FN:118,removeSongHelper
FNF:11
FNH:2
FNDA:0,viewQueue
FNDA:0,viewQueueCallback
FNDA:0,addSong
FNDA:0,(anonymous_3)
FNDA:0,(anonymous_4)
FNDA:0,addSongCallback
FNDA:2,addSongHelper
FNDA:0,removeSong
FNDA:0,(anonymous_8)
FNDA:0,removeSongHelperCallback
FNDA:1,removeSongHelper
DA:1,1
DA:2,1
DA:3,1
DA:12,1
DA:13,0
DA:15,0
DA:16,0
DA:18,0
DA:22,1
DA:23,0
DA:24,0
DA:34,1
DA:35,0
DA:37,0
DA:38,0
DA:40,0
DA:41,0
DA:44,0
DA:45,0
DA:47,0
DA:48,0
DA:50,0
DA:51,0
DA:53,0
DA:54,0
DA:61,0
DA:62,0
DA:72,1
DA:73,2
DA:74,2
DA:75,2
DA:83,1
DA:84,0
DA:86,0
DA:87,0
DA:88,0
DA:89,0
DA:92,0
DA:93,0
DA:95,0
DA:96,0
DA:98,0
DA:99,0
DA:101,0
DA:102,0
DA:108,0
DA:109,0
DA:118,1
DA:119,1
DA:121,1
DA:123,1
DA:124,0
LF:52
LH:15
BRDA:15,0,0,0
BRDA:15,0,1,0
BRDA:40,1,0,0
BRDA:50,2,0,0
BRDA:50,2,1,0
BRDA:86,3,0,0
BRDA:98,4,0,0
BRDA:98,4,1,0
BRDA:123,5,0,0
BRF:9
BRH:0
end_of_record
